{"/home/travis/build/npmtest/node-npmtest-jsonpack/test.js":{"path":"/home/travis/build/npmtest/node-npmtest-jsonpack/test.js","s":{"1":2,"2":2,"3":2,"4":2,"5":2,"6":2,"7":2,"8":1,"9":2,"10":2,"11":1,"12":1,"13":1,"14":1,"15":2,"16":2,"17":2,"18":2,"19":1,"20":1,"21":2,"22":2,"23":2,"24":1,"25":1,"26":1,"27":1,"28":1,"29":1,"30":1,"31":1,"32":1,"33":1,"34":1,"35":1,"36":1,"37":1,"38":1,"39":2,"40":2,"41":1,"42":2,"43":2,"44":1,"45":2,"46":2,"47":1,"48":2,"49":2,"50":1,"51":1,"52":1,"53":1,"54":1},"b":{"1":[2,1,1,1],"2":[1,1,1,1],"3":[1,1],"4":[1,1],"5":[1,1],"6":[1,1],"7":[1,1],"8":[1,1],"9":[1,1],"10":[1,1,1],"11":[1,1],"12":[1,1],"13":[1,1],"14":[1,1],"15":[1,1],"16":[1,1],"17":[1,1]},"f":{"1":2,"2":2,"3":2,"4":2,"5":2,"6":1,"7":1,"8":1,"9":2,"10":2,"11":2,"12":2,"13":1},"fnMap":{"1":{"name":"(anonymous_1)","line":12,"loc":{"start":{"line":12,"column":1},"end":{"line":12,"column":13}}},"2":{"name":"(anonymous_2)","line":19,"loc":{"start":{"line":19,"column":5},"end":{"line":19,"column":17}}},"3":{"name":"(anonymous_3)","line":23,"loc":{"start":{"line":23,"column":24},"end":{"line":23,"column":36}}},"4":{"name":"(anonymous_4)","line":61,"loc":{"start":{"line":61,"column":5},"end":{"line":61,"column":17}}},"5":{"name":"(anonymous_5)","line":82,"loc":{"start":{"line":82,"column":5},"end":{"line":82,"column":17}}},"6":{"name":"(anonymous_6)","line":91,"loc":{"start":{"line":91,"column":77},"end":{"line":94,"column":10}}},"7":{"name":"(anonymous_7)","line":112,"loc":{"start":{"line":112,"column":83},"end":{"line":115,"column":10}},"skip":true},"8":{"name":"(anonymous_8)","line":123,"loc":{"start":{"line":123,"column":77},"end":{"line":126,"column":10}},"skip":true},"9":{"name":"(anonymous_9)","line":139,"loc":{"start":{"line":139,"column":12},"end":{"line":139,"column":40}},"skip":true},"10":{"name":"(anonymous_10)","line":147,"loc":{"start":{"line":147,"column":77},"end":{"line":150,"column":10}},"skip":true},"11":{"name":"(anonymous_11)","line":158,"loc":{"start":{"line":158,"column":83},"end":{"line":161,"column":10}},"skip":true},"12":{"name":"(anonymous_12)","line":169,"loc":{"start":{"line":169,"column":79},"end":{"line":172,"column":10}},"skip":true},"13":{"name":"(anonymous_13)","line":180,"loc":{"start":{"line":180,"column":75},"end":{"line":183,"column":10}},"skip":true}},"statementMap":{"1":{"start":{"line":12,"column":0},"end":{"line":195,"column":5}},"2":{"start":{"line":14,"column":4},"end":{"line":14,"column":14}},"3":{"start":{"line":19,"column":4},"end":{"line":56,"column":9}},"4":{"start":{"line":21,"column":8},"end":{"line":21,"column":19}},"5":{"start":{"line":23,"column":8},"end":{"line":35,"column":13}},"6":{"start":{"line":24,"column":12},"end":{"line":34,"column":13}},"7":{"start":{"line":25,"column":16},"end":{"line":28,"column":30}},"8":{"start":{"line":30,"column":16},"end":{"line":33,"column":27}},"9":{"start":{"line":37,"column":8},"end":{"line":39,"column":21}},"10":{"start":{"line":40,"column":8},"end":{"line":53,"column":9}},"11":{"start":{"line":43,"column":12},"end":{"line":46,"column":14}},"12":{"start":{"line":47,"column":12},"end":{"line":47,"column":18}},"13":{"start":{"line":50,"column":12},"end":{"line":51,"column":46}},"14":{"start":{"line":52,"column":12},"end":{"line":52,"column":18}},"15":{"start":{"line":55,"column":8},"end":{"line":55,"column":35}},"16":{"start":{"line":61,"column":4},"end":{"line":63,"column":9}},"17":{"start":{"line":62,"column":8},"end":{"line":62,"column":15}},"18":{"start":{"line":64,"column":4},"end":{"line":77,"column":5}},"19":{"start":{"line":70,"column":8},"end":{"line":70,"column":14}},"20":{"start":{"line":76,"column":8},"end":{"line":76,"column":14}},"21":{"start":{"line":82,"column":4},"end":{"line":84,"column":9}},"22":{"start":{"line":83,"column":8},"end":{"line":83,"column":15}},"23":{"start":{"line":85,"column":4},"end":{"line":194,"column":5}},"24":{"start":{"line":91,"column":8},"end":{"line":99,"column":10}},"25":{"start":{"line":98,"column":12},"end":{"line":98,"column":35}},"26":{"start":{"line":102,"column":8},"end":{"line":104,"column":63}},"27":{"start":{"line":105,"column":8},"end":{"line":105,"column":14}},"28":{"start":{"line":112,"column":8},"end":{"line":121,"column":10},"skip":true},"29":{"start":{"line":119,"column":12},"end":{"line":119,"column":55},"skip":true},"30":{"start":{"line":120,"column":12},"end":{"line":120,"column":48},"skip":true},"31":{"start":{"line":123,"column":8},"end":{"line":136,"column":10},"skip":true},"32":{"start":{"line":130,"column":12},"end":{"line":130,"column":76},"skip":true},"33":{"start":{"line":131,"column":12},"end":{"line":131,"column":73},"skip":true},"34":{"start":{"line":132,"column":12},"end":{"line":132,"column":74},"skip":true},"35":{"start":{"line":133,"column":12},"end":{"line":133,"column":79},"skip":true},"36":{"start":{"line":134,"column":12},"end":{"line":134,"column":25},"skip":true},"37":{"start":{"line":135,"column":12},"end":{"line":135,"column":45},"skip":true},"38":{"start":{"line":138,"column":8},"end":{"line":145,"column":14},"skip":true},"39":{"start":{"line":143,"column":16},"end":{"line":143,"column":29},"skip":true},"40":{"start":{"line":144,"column":16},"end":{"line":144,"column":55},"skip":true},"41":{"start":{"line":147,"column":8},"end":{"line":156,"column":10},"skip":true},"42":{"start":{"line":154,"column":12},"end":{"line":154,"column":25},"skip":true},"43":{"start":{"line":155,"column":12},"end":{"line":155,"column":45},"skip":true},"44":{"start":{"line":158,"column":8},"end":{"line":167,"column":10},"skip":true},"45":{"start":{"line":165,"column":12},"end":{"line":165,"column":25},"skip":true},"46":{"start":{"line":166,"column":12},"end":{"line":166,"column":48},"skip":true},"47":{"start":{"line":169,"column":8},"end":{"line":178,"column":10},"skip":true},"48":{"start":{"line":176,"column":12},"end":{"line":176,"column":25},"skip":true},"49":{"start":{"line":177,"column":12},"end":{"line":177,"column":46},"skip":true},"50":{"start":{"line":180,"column":8},"end":{"line":189,"column":10},"skip":true},"51":{"start":{"line":187,"column":12},"end":{"line":187,"column":94},"skip":true},"52":{"start":{"line":188,"column":12},"end":{"line":188,"column":48},"skip":true},"53":{"start":{"line":192,"column":8},"end":{"line":192,"column":35},"skip":true},"54":{"start":{"line":193,"column":8},"end":{"line":193,"column":14},"skip":true}},"branchMap":{"1":{"line":25,"type":"binary-expr","locations":[{"start":{"line":25,"column":23},"end":{"line":25,"column":62}},{"start":{"line":26,"column":20},"end":{"line":26,"column":70}},{"start":{"line":27,"column":20},"end":{"line":27,"column":71}},{"start":{"line":28,"column":20},"end":{"line":28,"column":29}}]},"2":{"line":30,"type":"binary-expr","locations":[{"start":{"line":30,"column":23},"end":{"line":30,"column":37}},{"start":{"line":31,"column":20},"end":{"line":31,"column":61}},{"start":{"line":32,"column":20},"end":{"line":32,"column":70}},{"start":{"line":33,"column":20},"end":{"line":33,"column":26}}]},"3":{"line":37,"type":"cond-expr","locations":[{"start":{"line":38,"column":14},"end":{"line":38,"column":20}},{"start":{"line":39,"column":14},"end":{"line":39,"column":20}}]},"4":{"line":40,"type":"switch","locations":[{"start":{"line":42,"column":8},"end":{"line":47,"column":18}},{"start":{"line":49,"column":8},"end":{"line":52,"column":18}}]},"5":{"line":44,"type":"binary-expr","locations":[{"start":{"line":44,"column":16},"end":{"line":44,"column":44}},{"start":{"line":44,"column":48},"end":{"line":44,"column":66}}]},"6":{"line":50,"type":"binary-expr","locations":[{"start":{"line":50,"column":21},"end":{"line":50,"column":49}},{"start":{"line":50,"column":53},"end":{"line":50,"column":72}}]},"7":{"line":64,"type":"switch","locations":[{"start":{"line":69,"column":4},"end":{"line":70,"column":14}},{"start":{"line":75,"column":4},"end":{"line":76,"column":14}}]},"8":{"line":85,"type":"switch","locations":[{"start":{"line":90,"column":4},"end":{"line":105,"column":14}},{"start":{"line":111,"column":4},"end":{"line":193,"column":14},"skip":true}]},"9":{"line":91,"type":"binary-expr","locations":[{"start":{"line":91,"column":42},"end":{"line":91,"column":73}},{"start":{"line":91,"column":77},"end":{"line":99,"column":9}}]},"10":{"line":102,"type":"binary-expr","locations":[{"start":{"line":102,"column":18},"end":{"line":102,"column":32}},{"start":{"line":103,"column":12},"end":{"line":103,"column":53}},{"start":{"line":104,"column":12},"end":{"line":104,"column":61}}]},"11":{"line":112,"type":"binary-expr","locations":[{"start":{"line":112,"column":45},"end":{"line":112,"column":79},"skip":true},{"start":{"line":112,"column":83},"end":{"line":121,"column":9},"skip":true}]},"12":{"line":123,"type":"binary-expr","locations":[{"start":{"line":123,"column":42},"end":{"line":123,"column":73},"skip":true},{"start":{"line":123,"column":77},"end":{"line":136,"column":9},"skip":true}]},"13":{"line":138,"type":"binary-expr","locations":[{"start":{"line":138,"column":48},"end":{"line":138,"column":85},"skip":true},{"start":{"line":139,"column":12},"end":{"line":145,"column":13},"skip":true}]},"14":{"line":147,"type":"binary-expr","locations":[{"start":{"line":147,"column":42},"end":{"line":147,"column":73},"skip":true},{"start":{"line":147,"column":77},"end":{"line":156,"column":9},"skip":true}]},"15":{"line":158,"type":"binary-expr","locations":[{"start":{"line":158,"column":45},"end":{"line":158,"column":79},"skip":true},{"start":{"line":158,"column":83},"end":{"line":167,"column":9},"skip":true}]},"16":{"line":169,"type":"binary-expr","locations":[{"start":{"line":169,"column":43},"end":{"line":169,"column":75},"skip":true},{"start":{"line":169,"column":79},"end":{"line":178,"column":9},"skip":true}]},"17":{"line":180,"type":"binary-expr","locations":[{"start":{"line":180,"column":41},"end":{"line":180,"column":71},"skip":true},{"start":{"line":180,"column":75},"end":{"line":189,"column":9},"skip":true}]}},"code":["/* istanbul instrument in package npmtest_jsonpack */","/*jslint","    bitwise: true,","    browser: true,","    maxerr: 8,","    maxlen: 96,","    node: true,","    nomen: true,","    regexp: true,","    stupid: true","*/","(function () {","    'use strict';","    var local;","","","","    // run shared js-env code - pre-init","    (function () {","        // init local","        local = {};","        // init modeJs","        local.modeJs = (function () {","            try {","                return typeof navigator.userAgent === 'string' &&","                    typeof document.querySelector('body') === 'object' &&","                    typeof XMLHttpRequest.prototype.open === 'function' &&","                    'browser';","            } catch (errorCaughtBrowser) {","                return module.exports &&","                    typeof process.versions.node === 'string' &&","                    typeof require('http').createServer === 'function' &&","                    'node';","            }","        }());","        // init global","        local.global = local.modeJs === 'browser'","            ? window","            : global;","        switch (local.modeJs) {","        // re-init local from window.local","        case 'browser':","            local = local.global.utility2.objectSetDefault(","                local.global.utility2_rollup || local.global.local,","                local.global.utility2","            );","            break;","        // re-init local from example.js","        case 'node':","            local = (local.global.utility2_rollup || require('utility2'))","                .requireExampleJsFromReadme();","            break;","        }","        // export local","        local.global.local = local;","    }());","","","","    // run shared js-env code - function","    (function () {","        return;","    }());","    switch (local.modeJs) {","","","","    // run browser js-env code - function","    case 'browser':","        break;","","","","    // run node js-env code - function","    case 'node':","        break;","    }","","","","    // run shared js-env code - post-init","    (function () {","        return;","    }());","    switch (local.modeJs) {","","","","    // run browser js-env code - post-init","    case 'browser':","        local.testCase_browser_nullCase = local.testCase_browser_nullCase || function (","            options,","            onError","        ) {","        /*","         * this function will test browsers's null-case handling-behavior-behavior","         */","            onError(null, options);","        };","","        // run tests","        local.nop(local.modeTest &&","            document.querySelector('#testRunButton1') &&","            document.querySelector('#testRunButton1').click());","        break;","","","","    // run node js-env code - post-init","    /* istanbul ignore next */","    case 'node':","        local.testCase_buildApidoc_default = local.testCase_buildApidoc_default || function (","            options,","            onError","        ) {","        /*","         * this function will test buildApidoc's default handling-behavior-behavior","         */","            options = { modulePathList: module.paths };","            local.buildApidoc(options, onError);","        };","","        local.testCase_buildApp_default = local.testCase_buildApp_default || function (","            options,","            onError","        ) {","        /*","         * this function will test buildApp's default handling-behavior-behavior","         */","            local.testCase_buildReadme_default(options, local.onErrorThrow);","            local.testCase_buildLib_default(options, local.onErrorThrow);","            local.testCase_buildTest_default(options, local.onErrorThrow);","            local.testCase_buildCustomOrg_default(options, local.onErrorThrow);","            options = [];","            local.buildApp(options, onError);","        };","","        local.testCase_buildCustomOrg_default = local.testCase_buildCustomOrg_default ||","            function (options, onError) {","            /*","             * this function will test buildCustomOrg's default handling-behavior","             */","                options = {};","                local.buildCustomOrg(options, onError);","            };","","        local.testCase_buildLib_default = local.testCase_buildLib_default || function (","            options,","            onError","        ) {","        /*","         * this function will test buildLib's default handling-behavior","         */","            options = {};","            local.buildLib(options, onError);","        };","","        local.testCase_buildReadme_default = local.testCase_buildReadme_default || function (","            options,","            onError","        ) {","        /*","         * this function will test buildReadme's default handling-behavior-behavior","         */","            options = {};","            local.buildReadme(options, onError);","        };","","        local.testCase_buildTest_default = local.testCase_buildTest_default || function (","            options,","            onError","        ) {","        /*","         * this function will test buildTest's default handling-behavior","         */","            options = {};","            local.buildTest(options, onError);","        };","","        local.testCase_webpage_default = local.testCase_webpage_default || function (","            options,","            onError","        ) {","        /*","         * this function will test webpage's default handling-behavior","         */","            options = { modeCoverageMerge: true, url: local.serverLocalHost + '?modeTest=1' };","            local.browserTest(options, onError);","        };","","        // run test-server","        local.testRunServer(local);","        break;","    }","}());",""],"l":{"12":2,"14":2,"19":2,"21":2,"23":2,"24":2,"25":2,"30":1,"37":2,"40":2,"43":1,"47":1,"50":1,"52":1,"55":2,"61":2,"62":2,"64":2,"70":1,"76":1,"82":2,"83":2,"85":2,"91":1,"98":1,"102":1,"105":1,"112":1,"119":1,"120":1,"123":1,"130":1,"131":1,"132":1,"133":1,"134":1,"135":1,"138":1,"143":2,"144":2,"147":1,"154":2,"155":2,"158":1,"165":2,"166":2,"169":1,"176":2,"177":2,"180":1,"187":1,"188":1,"192":1,"193":1}},"/home/travis/build/npmtest/node-npmtest-jsonpack/lib.npmtest_jsonpack.js":{"path":"/home/travis/build/npmtest/node-npmtest-jsonpack/lib.npmtest_jsonpack.js","s":{"1":2,"2":2,"3":2,"4":2,"5":2,"6":2,"7":2,"8":1,"9":2,"10":2,"11":2,"12":2,"13":1,"14":1,"15":1,"16":1},"b":{"1":[2,1,1,1],"2":[1,1,1,1],"3":[1,1],"4":[2,2],"5":[1,1]},"f":{"1":2,"2":2,"3":2},"fnMap":{"1":{"name":"(anonymous_1)","line":12,"loc":{"start":{"line":12,"column":1},"end":{"line":12,"column":13}}},"2":{"name":"(anonymous_2)","line":19,"loc":{"start":{"line":19,"column":5},"end":{"line":19,"column":17}}},"3":{"name":"(anonymous_3)","line":23,"loc":{"start":{"line":23,"column":24},"end":{"line":23,"column":36}}}},"statementMap":{"1":{"start":{"line":12,"column":0},"end":{"line":53,"column":5}},"2":{"start":{"line":14,"column":4},"end":{"line":14,"column":14}},"3":{"start":{"line":19,"column":4},"end":{"line":52,"column":9}},"4":{"start":{"line":21,"column":8},"end":{"line":21,"column":19}},"5":{"start":{"line":23,"column":8},"end":{"line":35,"column":13}},"6":{"start":{"line":24,"column":12},"end":{"line":34,"column":13}},"7":{"start":{"line":25,"column":16},"end":{"line":28,"column":30}},"8":{"start":{"line":30,"column":16},"end":{"line":33,"column":27}},"9":{"start":{"line":37,"column":8},"end":{"line":39,"column":21}},"10":{"start":{"line":41,"column":8},"end":{"line":41,"column":54}},"11":{"start":{"line":43,"column":8},"end":{"line":43,"column":53}},"12":{"start":{"line":45,"column":8},"end":{"line":51,"column":9}},"13":{"start":{"line":46,"column":12},"end":{"line":46,"column":59}},"14":{"start":{"line":48,"column":12},"end":{"line":48,"column":35}},"15":{"start":{"line":49,"column":12},"end":{"line":49,"column":49}},"16":{"start":{"line":50,"column":12},"end":{"line":50,"column":43}}},"branchMap":{"1":{"line":25,"type":"binary-expr","locations":[{"start":{"line":25,"column":23},"end":{"line":25,"column":62}},{"start":{"line":26,"column":20},"end":{"line":26,"column":70}},{"start":{"line":27,"column":20},"end":{"line":27,"column":71}},{"start":{"line":28,"column":20},"end":{"line":28,"column":29}}]},"2":{"line":30,"type":"binary-expr","locations":[{"start":{"line":30,"column":23},"end":{"line":30,"column":37}},{"start":{"line":31,"column":20},"end":{"line":31,"column":61}},{"start":{"line":32,"column":20},"end":{"line":32,"column":70}},{"start":{"line":33,"column":20},"end":{"line":33,"column":26}}]},"3":{"line":37,"type":"cond-expr","locations":[{"start":{"line":38,"column":14},"end":{"line":38,"column":20}},{"start":{"line":39,"column":14},"end":{"line":39,"column":20}}]},"4":{"line":41,"type":"binary-expr","locations":[{"start":{"line":41,"column":16},"end":{"line":41,"column":44}},{"start":{"line":41,"column":48},"end":{"line":41,"column":53}}]},"5":{"line":45,"type":"if","locations":[{"start":{"line":45,"column":8},"end":{"line":45,"column":8}},{"start":{"line":45,"column":8},"end":{"line":45,"column":8}}]}},"code":["/* istanbul instrument in package npmtest_jsonpack */","/*jslint","    bitwise: true,","    browser: true,","    maxerr: 8,","    maxlen: 96,","    node: true,","    nomen: true,","    regexp: true,","    stupid: true","*/","(function () {","    'use strict';","    var local;","","","","    // run shared js-env code - pre-init","    (function () {","        // init local","        local = {};","        // init modeJs","        local.modeJs = (function () {","            try {","                return typeof navigator.userAgent === 'string' &&","                    typeof document.querySelector('body') === 'object' &&","                    typeof XMLHttpRequest.prototype.open === 'function' &&","                    'browser';","            } catch (errorCaughtBrowser) {","                return module.exports &&","                    typeof process.versions.node === 'string' &&","                    typeof require('http').createServer === 'function' &&","                    'node';","            }","        }());","        // init global","        local.global = local.modeJs === 'browser'","            ? window","            : global;","        // init utility2_rollup","        local = local.global.utility2_rollup || local;","        // init lib","        local.local = local.npmtest_jsonpack = local;","        // init exports","        if (local.modeJs === 'browser') {","            local.global.utility2_npmtest_jsonpack = local;","        } else {","            module.exports = local;","            module.exports.__dirname = __dirname;","            module.exports.module = module;","        }","    }());","}());",""],"l":{"12":2,"14":2,"19":2,"21":2,"23":2,"24":2,"25":2,"30":1,"37":2,"41":2,"43":2,"45":2,"46":1,"48":1,"49":1,"50":1}},"/home/travis/build/npmtest/node-npmtest-jsonpack/example.js":{"path":"/home/travis/build/npmtest/node-npmtest-jsonpack/example.js","s":{"1":2,"2":2,"3":2,"4":2,"5":2,"6":2,"7":2,"8":1,"9":2,"10":2,"11":2,"12":2,"13":1,"14":2,"15":2,"16":2,"17":2,"18":2,"19":0,"20":2,"21":1,"22":1,"23":1,"24":1,"25":1,"26":0,"27":0,"28":1,"29":1,"30":2,"31":0,"32":0,"33":0,"34":1,"35":2,"36":2,"37":3,"38":3,"39":3,"40":3,"41":0,"42":3,"43":3,"44":3,"45":1,"46":3,"47":1,"48":1,"49":1,"50":1,"51":1,"52":1,"53":1,"54":1,"55":1,"56":1,"57":0,"58":1,"59":6,"60":6,"61":1,"62":2,"63":0,"64":2,"65":1,"66":1,"67":0,"68":0,"69":0,"70":0,"71":0,"72":0,"73":0,"74":0,"75":0,"76":0,"77":0,"78":0,"79":0,"80":0,"81":0,"82":0,"83":0},"b":{"1":[2,1,1,1],"2":[1,1,1,1],"3":[1,1],"4":[2,2],"5":[1,1],"6":[1,1],"7":[2,0],"8":[2,1,1,1,1,1],"9":[0,2,0],"10":[1,1],"11":[2,1,1],"12":[1,0],"13":[0,2],"14":[2,0,0,0,0,0,0],"15":[0,3],"16":[3,0],"17":[1,1],"18":[0,1],"19":[1,2,0,2],"20":[1,0],"21":[1,1],"22":[0,0],"23":[0,0],"24":[0,0],"25":[0,0],"26":[0,0],"27":[0,0],"28":[0,0]},"f":{"1":2,"2":2,"3":2,"4":2,"5":2,"6":2,"7":3,"8":3,"9":3,"10":1,"11":6,"12":0},"fnMap":{"1":{"name":"(anonymous_1)","line":26,"loc":{"start":{"line":26,"column":1},"end":{"line":26,"column":13}}},"2":{"name":"(anonymous_2)","line":33,"loc":{"start":{"line":33,"column":5},"end":{"line":33,"column":17}}},"3":{"name":"(anonymous_3)","line":37,"loc":{"start":{"line":37,"column":24},"end":{"line":37,"column":36}}},"4":{"name":"(anonymous_4)","line":69,"loc":{"start":{"line":69,"column":31},"end":{"line":69,"column":48}},"skip":true},"5":{"name":"(anonymous_5)","line":78,"loc":{"start":{"line":78,"column":26},"end":{"line":78,"column":45}},"skip":true},"6":{"name":"(anonymous_6)","line":123,"loc":{"start":{"line":123,"column":33},"end":{"line":123,"column":48}},"skip":true},"7":{"name":"(anonymous_7)","line":125,"loc":{"start":{"line":125,"column":27},"end":{"line":125,"column":39}},"skip":true},"8":{"name":"(anonymous_8)","line":133,"loc":{"start":{"line":133,"column":59},"end":{"line":133,"column":74}},"skip":true},"9":{"name":"(anonymous_9)","line":143,"loc":{"start":{"line":143,"column":45},"end":{"line":143,"column":62}},"skip":true},"10":{"name":"(anonymous_10)","line":144,"loc":{"start":{"line":144,"column":73},"end":{"line":144,"column":92}},"skip":true},"11":{"name":"(anonymous_11)","line":272,"loc":{"start":{"line":272,"column":51},"end":{"line":272,"column":77}},"skip":true},"12":{"name":"(anonymous_12)","line":315,"loc":{"start":{"line":315,"column":32},"end":{"line":315,"column":61}},"skip":true}},"statementMap":{"1":{"start":{"line":26,"column":0},"end":{"line":326,"column":5}},"2":{"start":{"line":28,"column":4},"end":{"line":28,"column":14}},"3":{"start":{"line":33,"column":4},"end":{"line":60,"column":9}},"4":{"start":{"line":35,"column":8},"end":{"line":35,"column":19}},"5":{"start":{"line":37,"column":8},"end":{"line":49,"column":13}},"6":{"start":{"line":38,"column":12},"end":{"line":48,"column":13}},"7":{"start":{"line":39,"column":16},"end":{"line":42,"column":30}},"8":{"start":{"line":44,"column":16},"end":{"line":47,"column":27}},"9":{"start":{"line":51,"column":8},"end":{"line":53,"column":21}},"10":{"start":{"line":55,"column":8},"end":{"line":57,"column":45}},"11":{"start":{"line":59,"column":8},"end":{"line":59,"column":35}},"12":{"start":{"line":61,"column":4},"end":{"line":325,"column":5}},"13":{"start":{"line":69,"column":8},"end":{"line":121,"column":10},"skip":true},"14":{"start":{"line":70,"column":12},"end":{"line":88,"column":13},"skip":true},"15":{"start":{"line":76,"column":16},"end":{"line":87,"column":19},"skip":true},"16":{"start":{"line":79,"column":20},"end":{"line":86,"column":21},"skip":true},"17":{"start":{"line":82,"column":24},"end":{"line":82,"column":43},"skip":true},"18":{"start":{"line":83,"column":24},"end":{"line":83,"column":30},"skip":true},"19":{"start":{"line":85,"column":24},"end":{"line":85,"column":49},"skip":true},"20":{"start":{"line":89,"column":12},"end":{"line":107,"column":13},"skip":true},"21":{"start":{"line":92,"column":16},"end":{"line":102,"column":17},"skip":true},"22":{"start":{"line":93,"column":20},"end":{"line":93,"column":86},"skip":true},"23":{"start":{"line":94,"column":20},"end":{"line":95,"column":45},"skip":true},"24":{"start":{"line":96,"column":20},"end":{"line":96,"column":42},"skip":true},"25":{"start":{"line":97,"column":20},"end":{"line":97,"column":48},"skip":true},"26":{"start":{"line":100,"column":20},"end":{"line":100,"column":85},"skip":true},"27":{"start":{"line":101,"column":20},"end":{"line":101,"column":96},"skip":true},"28":{"start":{"line":103,"column":16},"end":{"line":103,"column":22},"skip":true},"29":{"start":{"line":106,"column":16},"end":{"line":106,"column":22},"skip":true},"30":{"start":{"line":108,"column":12},"end":{"line":120,"column":13},"skip":true},"31":{"start":{"line":114,"column":16},"end":{"line":119,"column":17},"skip":true},"32":{"start":{"line":116,"column":20},"end":{"line":116,"column":78},"skip":true},"33":{"start":{"line":118,"column":20},"end":{"line":118,"column":47},"skip":true},"34":{"start":{"line":123,"column":8},"end":{"line":141,"column":11},"skip":true},"35":{"start":{"line":124,"column":12},"end":{"line":124,"column":54},"skip":true},"36":{"start":{"line":125,"column":12},"end":{"line":140,"column":14},"skip":true},"37":{"start":{"line":126,"column":16},"end":{"line":126,"column":28},"skip":true},"38":{"start":{"line":127,"column":16},"end":{"line":127,"column":69},"skip":true},"39":{"start":{"line":128,"column":16},"end":{"line":128,"column":75},"skip":true},"40":{"start":{"line":129,"column":16},"end":{"line":131,"column":17},"skip":true},"41":{"start":{"line":130,"column":20},"end":{"line":130,"column":27},"skip":true},"42":{"start":{"line":133,"column":16},"end":{"line":137,"column":36},"skip":true},"43":{"start":{"line":134,"column":20},"end":{"line":136,"column":55},"skip":true},"44":{"start":{"line":139,"column":16},"end":{"line":139,"column":57},"skip":true},"45":{"start":{"line":143,"column":8},"end":{"line":147,"column":11},"skip":true},"46":{"start":{"line":144,"column":12},"end":{"line":146,"column":15},"skip":true},"47":{"start":{"line":145,"column":16},"end":{"line":145,"column":70},"skip":true},"48":{"start":{"line":149,"column":8},"end":{"line":149,"column":31},"skip":true},"49":{"start":{"line":150,"column":8},"end":{"line":150,"column":14},"skip":true},"50":{"start":{"line":158,"column":8},"end":{"line":158,"column":31},"skip":true},"51":{"start":{"line":160,"column":8},"end":{"line":160,"column":33},"skip":true},"52":{"start":{"line":161,"column":8},"end":{"line":161,"column":37},"skip":true},"53":{"start":{"line":162,"column":8},"end":{"line":162,"column":35},"skip":true},"54":{"start":{"line":164,"column":8},"end":{"line":164,"column":50},"skip":true},"55":{"start":{"line":166,"column":8},"end":{"line":256,"column":2},"skip":true},"56":{"start":{"line":258,"column":8},"end":{"line":286,"column":9},"skip":true},"57":{"start":{"line":259,"column":12},"end":{"line":269,"column":14},"skip":true},"58":{"start":{"line":271,"column":12},"end":{"line":285,"column":19},"skip":true},"59":{"start":{"line":274,"column":20},"end":{"line":274,"column":35},"skip":true},"60":{"start":{"line":275,"column":20},"end":{"line":284,"column":21},"skip":true},"61":{"start":{"line":277,"column":24},"end":{"line":277,"column":64},"skip":true},"62":{"start":{"line":279,"column":24},"end":{"line":279,"column":40},"skip":true},"63":{"start":{"line":281,"column":24},"end":{"line":281,"column":40},"skip":true},"64":{"start":{"line":283,"column":24},"end":{"line":283,"column":39},"skip":true},"65":{"start":{"line":288,"column":8},"end":{"line":290,"column":9},"skip":true},"66":{"start":{"line":289,"column":12},"end":{"line":289,"column":18},"skip":true},"67":{"start":{"line":291,"column":8},"end":{"line":293,"column":54},"skip":true},"68":{"start":{"line":296,"column":8},"end":{"line":301,"column":37},"skip":true},"69":{"start":{"line":303,"column":8},"end":{"line":303,"column":82},"skip":true},"70":{"start":{"line":306,"column":8},"end":{"line":308,"column":9},"skip":true},"71":{"start":{"line":307,"column":12},"end":{"line":307,"column":82},"skip":true},"72":{"start":{"line":310,"column":8},"end":{"line":312,"column":9},"skip":true},"73":{"start":{"line":311,"column":12},"end":{"line":311,"column":18},"skip":true},"74":{"start":{"line":313,"column":8},"end":{"line":313,"column":54},"skip":true},"75":{"start":{"line":314,"column":8},"end":{"line":314,"column":69},"skip":true},"76":{"start":{"line":315,"column":8},"end":{"line":323,"column":36},"skip":true},"77":{"start":{"line":316,"column":12},"end":{"line":316,"column":61},"skip":true},"78":{"start":{"line":317,"column":12},"end":{"line":320,"column":13},"skip":true},"79":{"start":{"line":318,"column":16},"end":{"line":318,"column":75},"skip":true},"80":{"start":{"line":319,"column":16},"end":{"line":319,"column":23},"skip":true},"81":{"start":{"line":321,"column":12},"end":{"line":321,"column":38},"skip":true},"82":{"start":{"line":322,"column":12},"end":{"line":322,"column":27},"skip":true},"83":{"start":{"line":324,"column":8},"end":{"line":324,"column":14},"skip":true}},"branchMap":{"1":{"line":39,"type":"binary-expr","locations":[{"start":{"line":39,"column":23},"end":{"line":39,"column":62}},{"start":{"line":40,"column":20},"end":{"line":40,"column":70}},{"start":{"line":41,"column":20},"end":{"line":41,"column":71}},{"start":{"line":42,"column":20},"end":{"line":42,"column":29}}]},"2":{"line":44,"type":"binary-expr","locations":[{"start":{"line":44,"column":23},"end":{"line":44,"column":37}},{"start":{"line":45,"column":20},"end":{"line":45,"column":61}},{"start":{"line":46,"column":20},"end":{"line":46,"column":70}},{"start":{"line":47,"column":20},"end":{"line":47,"column":26}}]},"3":{"line":51,"type":"cond-expr","locations":[{"start":{"line":52,"column":14},"end":{"line":52,"column":20}},{"start":{"line":53,"column":14},"end":{"line":53,"column":20}}]},"4":{"line":55,"type":"binary-expr","locations":[{"start":{"line":55,"column":16},"end":{"line":55,"column":44}},{"start":{"line":55,"column":49},"end":{"line":57,"column":43}}]},"5":{"line":55,"type":"cond-expr","locations":[{"start":{"line":56,"column":14},"end":{"line":56,"column":52}},{"start":{"line":57,"column":14},"end":{"line":57,"column":43}}]},"6":{"line":61,"type":"switch","locations":[{"start":{"line":68,"column":4},"end":{"line":150,"column":14},"skip":true},{"start":{"line":156,"column":4},"end":{"line":324,"column":14},"skip":true}]},"7":{"line":70,"type":"if","locations":[{"start":{"line":70,"column":12},"end":{"line":70,"column":12},"skip":true},{"start":{"line":70,"column":12},"end":{"line":70,"column":12},"skip":true}]},"8":{"line":70,"type":"binary-expr","locations":[{"start":{"line":70,"column":16},"end":{"line":70,"column":22},"skip":true},{"start":{"line":70,"column":27},"end":{"line":70,"column":32},"skip":true},{"start":{"line":71,"column":20},"end":{"line":71,"column":39},"skip":true},{"start":{"line":72,"column":20},"end":{"line":72,"column":49},"skip":true},{"start":{"line":73,"column":20},"end":{"line":73,"column":58},"skip":true},{"start":{"line":74,"column":20},"end":{"line":74,"column":69},"skip":true}]},"9":{"line":79,"type":"switch","locations":[{"start":{"line":80,"column":20},"end":{"line":80,"column":33},"skip":true},{"start":{"line":81,"column":20},"end":{"line":83,"column":30},"skip":true},{"start":{"line":84,"column":20},"end":{"line":85,"column":49},"skip":true}]},"10":{"line":89,"type":"switch","locations":[{"start":{"line":90,"column":12},"end":{"line":103,"column":22},"skip":true},{"start":{"line":105,"column":12},"end":{"line":106,"column":22},"skip":true}]},"11":{"line":89,"type":"binary-expr","locations":[{"start":{"line":89,"column":20},"end":{"line":89,"column":25},"skip":true},{"start":{"line":89,"column":29},"end":{"line":89,"column":48},"skip":true},{"start":{"line":89,"column":52},"end":{"line":89,"column":74},"skip":true}]},"12":{"line":92,"type":"if","locations":[{"start":{"line":92,"column":16},"end":{"line":92,"column":16},"skip":true},{"start":{"line":92,"column":16},"end":{"line":92,"column":16},"skip":true}]},"13":{"line":108,"type":"if","locations":[{"start":{"line":108,"column":12},"end":{"line":108,"column":12},"skip":true},{"start":{"line":108,"column":12},"end":{"line":108,"column":12},"skip":true}]},"14":{"line":108,"type":"binary-expr","locations":[{"start":{"line":108,"column":16},"end":{"line":108,"column":61},"skip":true},{"start":{"line":108,"column":66},"end":{"line":108,"column":72},"skip":true},{"start":{"line":108,"column":77},"end":{"line":108,"column":82},"skip":true},{"start":{"line":109,"column":20},"end":{"line":109,"column":39},"skip":true},{"start":{"line":110,"column":20},"end":{"line":110,"column":49},"skip":true},{"start":{"line":111,"column":20},"end":{"line":111,"column":58},"skip":true},{"start":{"line":112,"column":20},"end":{"line":112,"column":68},"skip":true}]},"15":{"line":129,"type":"if","locations":[{"start":{"line":129,"column":16},"end":{"line":129,"column":16},"skip":true},{"start":{"line":129,"column":16},"end":{"line":129,"column":16},"skip":true}]},"16":{"line":134,"type":"cond-expr","locations":[{"start":{"line":135,"column":26},"end":{"line":135,"column":29},"skip":true},{"start":{"line":136,"column":26},"end":{"line":136,"column":54},"skip":true}]},"17":{"line":164,"type":"binary-expr","locations":[{"start":{"line":164,"column":27},"end":{"line":164,"column":43},"skip":true},{"start":{"line":164,"column":47},"end":{"line":164,"column":49},"skip":true}]},"18":{"line":258,"type":"if","locations":[{"start":{"line":258,"column":8},"end":{"line":258,"column":8},"skip":true},{"start":{"line":258,"column":8},"end":{"line":258,"column":8},"skip":true}]},"19":{"line":275,"type":"switch","locations":[{"start":{"line":276,"column":20},"end":{"line":277,"column":64},"skip":true},{"start":{"line":278,"column":20},"end":{"line":279,"column":40},"skip":true},{"start":{"line":280,"column":20},"end":{"line":281,"column":40},"skip":true},{"start":{"line":282,"column":20},"end":{"line":283,"column":39},"skip":true}]},"20":{"line":288,"type":"if","locations":[{"start":{"line":288,"column":8},"end":{"line":288,"column":8},"skip":true},{"start":{"line":288,"column":8},"end":{"line":288,"column":8},"skip":true}]},"21":{"line":288,"type":"binary-expr","locations":[{"start":{"line":288,"column":12},"end":{"line":288,"column":40},"skip":true},{"start":{"line":288,"column":44},"end":{"line":288,"column":67},"skip":true}]},"22":{"line":292,"type":"binary-expr","locations":[{"start":{"line":292,"column":12},"end":{"line":292,"column":50},"skip":true},{"start":{"line":293,"column":12},"end":{"line":293,"column":53},"skip":true}]},"23":{"line":297,"type":"binary-expr","locations":[{"start":{"line":297,"column":12},"end":{"line":297,"column":66},"skip":true},{"start":{"line":298,"column":12},"end":{"line":301,"column":36},"skip":true}]},"24":{"line":303,"type":"binary-expr","locations":[{"start":{"line":303,"column":43},"end":{"line":303,"column":75},"skip":true},{"start":{"line":303,"column":79},"end":{"line":303,"column":81},"skip":true}]},"25":{"line":306,"type":"if","locations":[{"start":{"line":306,"column":8},"end":{"line":306,"column":8},"skip":true},{"start":{"line":306,"column":8},"end":{"line":306,"column":8},"skip":true}]},"26":{"line":310,"type":"if","locations":[{"start":{"line":310,"column":8},"end":{"line":310,"column":8},"skip":true},{"start":{"line":310,"column":8},"end":{"line":310,"column":8},"skip":true}]},"27":{"line":313,"type":"binary-expr","locations":[{"start":{"line":313,"column":27},"end":{"line":313,"column":43},"skip":true},{"start":{"line":313,"column":47},"end":{"line":313,"column":53},"skip":true}]},"28":{"line":317,"type":"if","locations":[{"start":{"line":317,"column":12},"end":{"line":317,"column":12},"skip":true},{"start":{"line":317,"column":12},"end":{"line":317,"column":12},"skip":true}]}},"code":["/*","example.js","","quickstart example","","instruction","    1. save this script as example.js","    2. run the shell command:","        $ npm install npmtest-jsonpack && PORT=8081 node example.js","    3. play with the browser-demo on http://127.0.0.1:8081","*/","","","","/* istanbul instrument in package npmtest_jsonpack */","/*jslint","    bitwise: true,","    browser: true,","    maxerr: 8,","    maxlen: 96,","    node: true,","    nomen: true,","    regexp: true,","    stupid: true","*/","(function () {","    'use strict';","    var local;","","","","    // run shared js-env code - pre-init","    (function () {","        // init local","        local = {};","        // init modeJs","        local.modeJs = (function () {","            try {","                return typeof navigator.userAgent === 'string' &&","                    typeof document.querySelector('body') === 'object' &&","                    typeof XMLHttpRequest.prototype.open === 'function' &&","                    'browser';","            } catch (errorCaughtBrowser) {","                return module.exports &&","                    typeof process.versions.node === 'string' &&","                    typeof require('http').createServer === 'function' &&","                    'node';","            }","        }());","        // init global","        local.global = local.modeJs === 'browser'","            ? window","            : global;","        // init utility2_rollup","        local = local.global.utility2_rollup || (local.modeJs === 'browser'","            ? local.global.utility2_npmtest_jsonpack","            : global.utility2_moduleExports);","        // export local","        local.global.local = local;","    }());","    switch (local.modeJs) {","","","","    // post-init","    // run browser js-env code - post-init","    /* istanbul ignore next */","    case 'browser':","        local.testRunBrowser = function (event) {","            if (!event || (event &&","                    event.currentTarget &&","                    event.currentTarget.className &&","                    event.currentTarget.className.includes &&","                    event.currentTarget.className.includes('onreset'))) {","                // reset output","                Array.from(","                    document.querySelectorAll('body > .resettable')","                ).forEach(function (element) {","                    switch (element.tagName) {","                    case 'INPUT':","                    case 'TEXTAREA':","                        element.value = '';","                        break;","                    default:","                        element.textContent = '';","                    }","                });","            }","            switch (event && event.currentTarget && event.currentTarget.id) {","            case 'testRunButton1':","                // show tests","                if (document.querySelector('#testReportDiv1').style.display === 'none') {","                    document.querySelector('#testReportDiv1').style.display = 'block';","                    document.querySelector('#testRunButton1').textContent =","                        'hide internal test';","                    local.modeTest = true;","                    local.testRunDefault(local);","                // hide tests","                } else {","                    document.querySelector('#testReportDiv1').style.display = 'none';","                    document.querySelector('#testRunButton1').textContent = 'run internal test';","                }","                break;","            // custom-case","            default:","                break;","            }","            if (document.querySelector('#inputTextareaEval1') && (!event || (event &&","                    event.currentTarget &&","                    event.currentTarget.className &&","                    event.currentTarget.className.includes &&","                    event.currentTarget.className.includes('oneval')))) {","                // try to eval input-code","                try {","                    /*jslint evil: true*/","                    eval(document.querySelector('#inputTextareaEval1').value);","                } catch (errorCaught) {","                    console.error(errorCaught);","                }","            }","        };","        // log stderr and stdout to #outputTextareaStdout1","        ['error', 'log'].forEach(function (key) {","            console[key + '_original'] = console[key];","            console[key] = function () {","                var element;","                console[key + '_original'].apply(console, arguments);","                element = document.querySelector('#outputTextareaStdout1');","                if (!element) {","                    return;","                }","                // append text to #outputTextareaStdout1","                element.value += Array.from(arguments).map(function (arg) {","                    return typeof arg === 'string'","                        ? arg","                        : JSON.stringify(arg, null, 4);","                }).join(' ') + '\\n';","                // scroll textarea to bottom","                element.scrollTop = element.scrollHeight;","            };","        });","        // init event-handling","        ['change', 'click', 'keyup'].forEach(function (event) {","            Array.from(document.querySelectorAll('.on' + event)).forEach(function (element) {","                element.addEventListener(event, local.testRunBrowser);","            });","        });","        // run tests","        local.testRunBrowser();","        break;","","","","    // run node js-env code - post-init","    /* istanbul ignore next */","    case 'node':","        // export local","        module.exports = local;","        // require modules","        local.fs = require('fs');","        local.http = require('http');","        local.url = require('url');","        // init assets","        local.assetsDict = local.assetsDict || {};","        /* jslint-ignore-begin */","        local.assetsDict['/assets.index.template.html'] = '\\","<!doctype html>\\n\\","<html lang=\"en\">\\n\\","<head>\\n\\","<meta charset=\"UTF-8\">\\n\\","<meta name=\"viewport\" content=\"width=device-width, initial-scale=1\">\\n\\","<title>{{env.npm_package_name}} (v{{env.npm_package_version}})</title>\\n\\","<style>\\n\\","/*csslint\\n\\","    box-sizing: false,\\n\\","    universal-selector: false\\n\\","*/\\n\\","* {\\n\\","    box-sizing: border-box;\\n\\","}\\n\\","body {\\n\\","    background: #dde;\\n\\","    font-family: Arial, Helvetica, sans-serif;\\n\\","    margin: 2rem;\\n\\","}\\n\\","body > * {\\n\\","    margin-bottom: 1rem;\\n\\","}\\n\\",".utility2FooterDiv {\\n\\","    margin-top: 20px;\\n\\","    text-align: center;\\n\\","}\\n\\","</style>\\n\\","<style>\\n\\","/*csslint\\n\\","*/\\n\\","textarea {\\n\\","    font-family: monospace;\\n\\","    height: 10rem;\\n\\","    width: 100%;\\n\\","}\\n\\","textarea[readonly] {\\n\\","    background: #ddd;\\n\\","}\\n\\","</style>\\n\\","</head>\\n\\","<body>\\n\\","<!-- utility2-comment\\n\\","<div id=\"ajaxProgressDiv1\" style=\"background: #d00; height: 2px; left: 0; margin: 0; padding: 0; position: fixed; top: 0; transition: background 0.5s, width 1.5s; width: 25%;\"></div>\\n\\","utility2-comment -->\\n\\","<h1>\\n\\","<!-- utility2-comment\\n\\","    <a\\n\\","        {{#if env.npm_package_homepage}}\\n\\","        href=\"{{env.npm_package_homepage}}\"\\n\\","        {{/if env.npm_package_homepage}}\\n\\","        target=\"_blank\"\\n\\","    >\\n\\","utility2-comment -->\\n\\","        {{env.npm_package_name}} (v{{env.npm_package_version}})\\n\\","<!-- utility2-comment\\n\\","    </a>\\n\\","utility2-comment -->\\n\\","</h1>\\n\\","<h3>{{env.npm_package_description}}</h3>\\n\\","<!-- utility2-comment\\n\\","<h4><a download href=\"assets.app.js\">download standalone app</a></h4>\\n\\","<button class=\"onclick onreset\" id=\"testRunButton1\">run internal test</button><br>\\n\\","<div id=\"testReportDiv1\" style=\"display: none;\"></div>\\n\\","utility2-comment -->\\n\\","\\n\\","\\n\\","\\n\\","<label>stderr and stdout</label>\\n\\","<textarea class=\"resettable\" id=\"outputTextareaStdout1\" readonly></textarea>\\n\\","<!-- utility2-comment\\n\\","{{#if isRollup}}\\n\\","<script src=\"assets.app.js\"></script>\\n\\","{{#unless isRollup}}\\n\\","utility2-comment -->\\n\\","<script src=\"assets.utility2.rollup.js\"></script>\\n\\","<script src=\"jsonp.utility2._stateInit?callback=window.utility2._stateInit\"></script>\\n\\","<script src=\"assets.npmtest_jsonpack.rollup.js\"></script>\\n\\","<script src=\"assets.example.js\"></script>\\n\\","<script src=\"assets.test.js\"></script>\\n\\","<!-- utility2-comment\\n\\","{{/if isRollup}}\\n\\","utility2-comment -->\\n\\","<div class=\"utility2FooterDiv\">\\n\\","    [ this app was created with\\n\\","    <a href=\"https://github.com/kaizhu256/node-utility2\" target=\"_blank\">utility2</a>\\n\\","    ]\\n\\","</div>\\n\\","</body>\\n\\","</html>\\n\\","';","        /* jslint-ignore-end */","        if (local.templateRender) {","            local.assetsDict['/'] = local.templateRender(","                local.assetsDict['/assets.index.template.html'],","                {","                    env: local.objectSetDefault(local.env, {","                        npm_package_description: 'the greatest app in the world!',","                        npm_package_name: 'my-app',","                        npm_package_nameAlias: 'my_app',","                        npm_package_version: '0.0.1'","                    })","                }","            );","        } else {","            local.assetsDict['/'] = local.assetsDict['/assets.index.template.html']","                .replace((/\\{\\{env\\.(\\w+?)\\}\\}/g), function (match0, match1) {","                    // jslint-hack","                    String(match0);","                    switch (match1) {","                    case 'npm_package_description':","                        return 'the greatest app in the world!';","                    case 'npm_package_name':","                        return 'my-app';","                    case 'npm_package_nameAlias':","                        return 'my_app';","                    case 'npm_package_version':","                        return '0.0.1';","                    }","                });","        }","        // run the cli","        if (local.global.utility2_rollup || module !== require.main) {","            break;","        }","        local.assetsDict['/assets.example.js'] =","            local.assetsDict['/assets.example.js'] ||","            local.fs.readFileSync(__filename, 'utf8');","        // bug-workaround - long $npm_package_buildCustomOrg","        /* jslint-ignore-begin */","        local.assetsDict['/assets.npmtest_jsonpack.rollup.js'] =","            local.assetsDict['/assets.npmtest_jsonpack.rollup.js'] ||","            local.fs.readFileSync(","                local.npmtest_jsonpack.__dirname + '/lib.npmtest_jsonpack.js',","                'utf8'","            ).replace((/^#!/), '//');","        /* jslint-ignore-end */","        local.assetsDict['/favicon.ico'] = local.assetsDict['/favicon.ico'] || '';","        // if $npm_config_timeout_exit exists,","        // then exit this process after $npm_config_timeout_exit ms","        if (Number(process.env.npm_config_timeout_exit)) {","            setTimeout(process.exit, Number(process.env.npm_config_timeout_exit));","        }","        // start server","        if (local.global.utility2_serverHttp1) {","            break;","        }","        process.env.PORT = process.env.PORT || '8081';","        console.error('server starting on port ' + process.env.PORT);","        local.http.createServer(function (request, response) {","            request.urlParsed = local.url.parse(request.url);","            if (local.assetsDict[request.urlParsed.pathname] !== undefined) {","                response.end(local.assetsDict[request.urlParsed.pathname]);","                return;","            }","            response.statusCode = 404;","            response.end();","        }).listen(process.env.PORT);","        break;","    }","}());",""],"l":{"26":2,"28":2,"33":2,"35":2,"37":2,"38":2,"39":2,"44":1,"51":2,"55":2,"59":2,"61":2,"69":1,"70":2,"76":2,"79":2,"82":2,"83":2,"85":1,"89":2,"92":1,"93":1,"94":1,"96":1,"97":1,"100":1,"101":1,"103":1,"106":1,"108":2,"114":1,"116":1,"118":1,"123":1,"124":2,"125":2,"126":3,"127":3,"128":3,"129":3,"130":1,"133":3,"134":3,"139":3,"143":1,"144":3,"145":1,"149":1,"150":1,"158":1,"160":1,"161":1,"162":1,"164":1,"166":1,"258":1,"259":1,"271":1,"274":6,"275":6,"277":1,"279":2,"281":1,"283":2,"288":1,"289":1,"291":1,"296":1,"303":1,"306":1,"307":1,"310":1,"311":1,"313":1,"314":1,"315":1,"316":1,"317":1,"318":1,"319":1,"321":1,"322":1,"324":1}},"/home/travis/build/npmtest/node-npmtest-jsonpack/node_modules/jsonpack/main.js":{"path":"/home/travis/build/npmtest/node-npmtest-jsonpack/node_modules/jsonpack/main.js","s":{"1":1,"2":1,"3":1,"4":1,"5":1,"6":1,"7":1,"8":1,"9":0,"10":0,"11":0,"12":0,"13":0,"14":0,"15":0,"16":0,"17":0,"18":0,"19":0,"20":0,"21":0,"22":0,"23":0,"24":0,"25":0,"26":0,"27":0,"28":0,"29":0,"30":0,"31":0,"32":0,"33":0,"34":0,"35":0,"36":0,"37":0,"38":0,"39":0,"40":0,"41":0,"42":0,"43":0,"44":0,"45":0,"46":0,"47":0,"48":0,"49":0,"50":0,"51":0,"52":0,"53":0,"54":0,"55":0,"56":0,"57":0,"58":0,"59":0,"60":0,"61":0,"62":0,"63":0,"64":0,"65":0,"66":0,"67":0,"68":0,"69":0,"70":0,"71":0,"72":0,"73":0,"74":0,"75":0,"76":0,"77":0,"78":0,"79":0,"80":0,"81":0,"82":0,"83":0,"84":0,"85":0,"86":0,"87":0,"88":0,"89":0,"90":0,"91":0,"92":0,"93":0,"94":0,"95":0,"96":0,"97":0,"98":1,"99":0,"100":0,"101":0,"102":0,"103":0,"104":0,"105":0,"106":0,"107":0,"108":0,"109":0,"110":0,"111":0,"112":0,"113":0,"114":0,"115":0,"116":0,"117":0,"118":0,"119":0,"120":0,"121":0,"122":0,"123":0,"124":0,"125":0,"126":0,"127":0,"128":0,"129":0,"130":0,"131":0,"132":0,"133":0,"134":0,"135":0,"136":0,"137":0,"138":0,"139":0,"140":0,"141":0,"142":0,"143":0,"144":0,"145":0,"146":0,"147":0,"148":0,"149":0,"150":0,"151":0,"152":0,"153":0,"154":0,"155":0,"156":0,"157":0,"158":0,"159":0,"160":0,"161":0,"162":0,"163":0,"164":0,"165":0,"166":0,"167":0,"168":0,"169":0,"170":0,"171":0,"172":0,"173":0,"174":0,"175":0,"176":0,"177":0,"178":0,"179":0,"180":0,"181":0,"182":0,"183":0,"184":0,"185":0,"186":0,"187":0,"188":0,"189":0,"190":1,"191":0,"192":0,"193":0,"194":0,"195":0,"196":0,"197":0,"198":0,"199":0,"200":0,"201":0,"202":0,"203":0,"204":0,"205":0,"206":0,"207":0,"208":0,"209":0,"210":0,"211":0,"212":0,"213":0,"214":0,"215":0,"216":0,"217":0,"218":1,"219":0,"220":0,"221":0,"222":0,"223":1,"224":0,"225":0,"226":0,"227":0,"228":1,"229":0,"230":1,"231":0,"232":1,"233":0,"234":0,"235":0,"236":0,"237":1,"238":1,"239":1,"240":1,"241":3,"242":0},"b":{"1":[0,0],"2":[0,0],"3":[0,0],"4":[0,0],"5":[0,0],"6":[0,0],"7":[0,0],"8":[0,0],"9":[0,0],"10":[0,0],"11":[0,0],"12":[0,0],"13":[0,0],"14":[0,0],"15":[0,0],"16":[0,0],"17":[0,0],"18":[0,0],"19":[0,0],"20":[0,0],"21":[0,0],"22":[0,0],"23":[0,0],"24":[0,0],"25":[0,0],"26":[0,0],"27":[0,0],"28":[0,0],"29":[0,0],"30":[0,0],"31":[0,0],"32":[0,0],"33":[0,0],"34":[0,0],"35":[0,0],"36":[0,0],"37":[0,0],"38":[0,0],"39":[0,0],"40":[0,0],"41":[0,0],"42":[0,0],"43":[0,0],"44":[0,0],"45":[0,0],"46":[0,0],"47":[0,0],"48":[0,0],"49":[0,0,0,0],"50":[0,0],"51":[0,0],"52":[0,0],"53":[0,0],"54":[0,0],"55":[0,0],"56":[0,0],"57":[0,0],"58":[0,0],"59":[0,0],"60":[0,0,0,0,0,0],"61":[0,0],"62":[0,0],"63":[0,0],"64":[0,0],"65":[0,0],"66":[0,0],"67":[0,0,0,0,0,0],"68":[0,0],"69":[0,0],"70":[0,0],"71":[0,0],"72":[0,0],"73":[0,0],"74":[0,0],"75":[0,0],"76":[0,0],"77":[0,0],"78":[0,0],"79":[0,0],"80":[0,0],"81":[0,0],"82":[0,0],"83":[0,0],"84":[0,0],"85":[1,0],"86":[0,0],"87":[1,0],"88":[1,0],"89":[1,0]},"f":{"1":1,"2":1,"3":0,"4":0,"5":0,"6":0,"7":0,"8":0,"9":0,"10":0,"11":0,"12":0,"13":0,"14":0,"15":0,"16":1},"fnMap":{"1":{"name":"(anonymous_1)","line":5,"loc":{"start":{"line":5,"column":1},"end":{"line":5,"column":18}}},"2":{"name":"(anonymous_2)","line":7,"loc":{"start":{"line":7,"column":12},"end":{"line":7,"column":23}}},"3":{"name":"(anonymous_3)","line":15,"loc":{"start":{"line":15,"column":13},"end":{"line":15,"column":37}}},"4":{"name":"recursiveAstBuilder","line":40,"loc":{"start":{"line":40,"column":14},"end":{"line":40,"column":49}}},"5":{"name":"recursiveParser","line":196,"loc":{"start":{"line":196,"column":20},"end":{"line":196,"column":51}}},"6":{"name":"(anonymous_6)","line":271,"loc":{"start":{"line":271,"column":15},"end":{"line":271,"column":41}}},"7":{"name":"recursiveUnpackerParser","line":342,"loc":{"start":{"line":342,"column":11},"end":{"line":342,"column":46}}},"8":{"name":"(anonymous_8)","line":450,"loc":{"start":{"line":450,"column":27},"end":{"line":450,"column":55}}},"9":{"name":"(anonymous_9)","line":515,"loc":{"start":{"line":515,"column":16},"end":{"line":515,"column":30}}},"10":{"name":"(anonymous_10)","line":519,"loc":{"start":{"line":519,"column":38},"end":{"line":519,"column":50}}},"11":{"name":"(anonymous_11)","line":530,"loc":{"start":{"line":530,"column":16},"end":{"line":530,"column":30}}},"12":{"name":"(anonymous_12)","line":534,"loc":{"start":{"line":534,"column":45},"end":{"line":534,"column":57}}},"13":{"name":"(anonymous_13)","line":545,"loc":{"start":{"line":545,"column":20},"end":{"line":545,"column":37}}},"14":{"name":"(anonymous_14)","line":549,"loc":{"start":{"line":549,"column":20},"end":{"line":549,"column":37}}},"15":{"name":"(anonymous_15)","line":554,"loc":{"start":{"line":554,"column":2},"end":{"line":554,"column":23}}},"16":{"name":"(anonymous_16)","line":571,"loc":{"start":{"line":571,"column":50},"end":{"line":571,"column":74}}}},"statementMap":{"1":{"start":{"line":5,"column":0},"end":{"line":578,"column":12}},"2":{"start":{"line":7,"column":1},"end":{"line":569,"column":4}},"3":{"start":{"line":9,"column":2},"end":{"line":9,"column":22}},"4":{"start":{"line":10,"column":2},"end":{"line":10,"column":23}},"5":{"start":{"line":11,"column":2},"end":{"line":11,"column":22}},"6":{"start":{"line":12,"column":2},"end":{"line":12,"column":30}},"7":{"start":{"line":13,"column":2},"end":{"line":13,"column":27}},"8":{"start":{"line":15,"column":2},"end":{"line":269,"column":4}},"9":{"start":{"line":18,"column":3},"end":{"line":18,"column":27}},"10":{"start":{"line":21,"column":3},"end":{"line":21,"column":42}},"11":{"start":{"line":23,"column":3},"end":{"line":23,"column":55}},"12":{"start":{"line":26,"column":3},"end":{"line":26,"column":66}},"13":{"start":{"line":28,"column":3},"end":{"line":28,"column":57}},"14":{"start":{"line":31,"column":3},"end":{"line":35,"column":5}},"15":{"start":{"line":37,"column":3},"end":{"line":37,"column":46}},"16":{"start":{"line":40,"column":3},"end":{"line":179,"column":12}},"17":{"start":{"line":42,"column":4},"end":{"line":42,"column":92}},"18":{"start":{"line":45,"column":4},"end":{"line":45,"column":27}},"19":{"start":{"line":48,"column":4},"end":{"line":53,"column":5}},"20":{"start":{"line":49,"column":5},"end":{"line":52,"column":7}},"21":{"start":{"line":56,"column":4},"end":{"line":61,"column":5}},"22":{"start":{"line":57,"column":5},"end":{"line":60,"column":7}},"23":{"start":{"line":64,"column":4},"end":{"line":80,"column":5}},"24":{"start":{"line":67,"column":5},"end":{"line":67,"column":21}},"25":{"start":{"line":70,"column":5},"end":{"line":75,"column":6}},"26":{"start":{"line":72,"column":6},"end":{"line":72,"column":44}},"27":{"start":{"line":72,"column":35},"end":{"line":72,"column":44}},"28":{"start":{"line":74,"column":6},"end":{"line":74,"column":45}},"29":{"start":{"line":78,"column":5},"end":{"line":78,"column":16}},"30":{"start":{"line":83,"column":4},"end":{"line":101,"column":5}},"31":{"start":{"line":86,"column":5},"end":{"line":86,"column":21}},"32":{"start":{"line":89,"column":5},"end":{"line":96,"column":6}},"33":{"start":{"line":91,"column":6},"end":{"line":92,"column":16}},"34":{"start":{"line":92,"column":7},"end":{"line":92,"column":16}},"35":{"start":{"line":94,"column":6},"end":{"line":94,"column":41}},"36":{"start":{"line":95,"column":6},"end":{"line":95,"column":47}},"37":{"start":{"line":99,"column":5},"end":{"line":99,"column":16}},"38":{"start":{"line":104,"column":4},"end":{"line":109,"column":5}},"39":{"start":{"line":105,"column":5},"end":{"line":108,"column":7}},"40":{"start":{"line":112,"column":4},"end":{"line":128,"column":5}},"41":{"start":{"line":115,"column":5},"end":{"line":115,"column":57}},"42":{"start":{"line":118,"column":5},"end":{"line":121,"column":6}},"43":{"start":{"line":119,"column":6},"end":{"line":119,"column":45}},"44":{"start":{"line":120,"column":6},"end":{"line":120,"column":44}},"45":{"start":{"line":124,"column":5},"end":{"line":127,"column":7}},"46":{"start":{"line":131,"column":4},"end":{"line":147,"column":5}},"47":{"start":{"line":134,"column":5},"end":{"line":134,"column":58}},"48":{"start":{"line":137,"column":5},"end":{"line":140,"column":6}},"49":{"start":{"line":138,"column":6},"end":{"line":138,"column":50}},"50":{"start":{"line":139,"column":6},"end":{"line":139,"column":45}},"51":{"start":{"line":143,"column":5},"end":{"line":146,"column":7}},"52":{"start":{"line":150,"column":4},"end":{"line":166,"column":5}},"53":{"start":{"line":152,"column":5},"end":{"line":152,"column":56}},"54":{"start":{"line":155,"column":5},"end":{"line":159,"column":6}},"55":{"start":{"line":157,"column":6},"end":{"line":157,"column":35}},"56":{"start":{"line":158,"column":6},"end":{"line":158,"column":43}},"57":{"start":{"line":162,"column":5},"end":{"line":165,"column":7}},"58":{"start":{"line":169,"column":4},"end":{"line":174,"column":5}},"59":{"start":{"line":170,"column":5},"end":{"line":173,"column":7}},"60":{"start":{"line":177,"column":4},"end":{"line":177,"column":68}},"61":{"start":{"line":182,"column":3},"end":{"line":182,"column":48}},"62":{"start":{"line":183,"column":3},"end":{"line":183,"column":50}},"63":{"start":{"line":184,"column":3},"end":{"line":184,"column":46}},"64":{"start":{"line":186,"column":3},"end":{"line":186,"column":52}},"65":{"start":{"line":189,"column":3},"end":{"line":189,"column":45}},"66":{"start":{"line":190,"column":3},"end":{"line":190,"column":49}},"67":{"start":{"line":191,"column":3},"end":{"line":191,"column":47}},"68":{"start":{"line":193,"column":3},"end":{"line":193,"column":51}},"69":{"start":{"line":196,"column":3},"end":{"line":255,"column":11}},"70":{"start":{"line":198,"column":4},"end":{"line":198,"column":90}},"71":{"start":{"line":202,"column":4},"end":{"line":217,"column":5}},"72":{"start":{"line":205,"column":5},"end":{"line":205,"column":31}},"73":{"start":{"line":207,"column":5},"end":{"line":213,"column":6}},"74":{"start":{"line":209,"column":6},"end":{"line":210,"column":16}},"75":{"start":{"line":210,"column":7},"end":{"line":210,"column":16}},"76":{"start":{"line":212,"column":6},"end":{"line":212,"column":47}},"77":{"start":{"line":215,"column":5},"end":{"line":215,"column":85}},"78":{"start":{"line":220,"column":4},"end":{"line":220,"column":45}},"79":{"start":{"line":222,"column":4},"end":{"line":225,"column":5}},"80":{"start":{"line":224,"column":5},"end":{"line":224,"column":31}},"81":{"start":{"line":227,"column":4},"end":{"line":230,"column":5}},"82":{"start":{"line":229,"column":5},"end":{"line":229,"column":46}},"83":{"start":{"line":232,"column":4},"end":{"line":235,"column":5}},"84":{"start":{"line":234,"column":5},"end":{"line":234,"column":62}},"85":{"start":{"line":237,"column":4},"end":{"line":239,"column":5}},"86":{"start":{"line":238,"column":5},"end":{"line":238,"column":23}},"87":{"start":{"line":241,"column":4},"end":{"line":243,"column":5}},"88":{"start":{"line":242,"column":5},"end":{"line":242,"column":23}},"89":{"start":{"line":245,"column":4},"end":{"line":247,"column":5}},"90":{"start":{"line":246,"column":5},"end":{"line":246,"column":28}},"91":{"start":{"line":249,"column":4},"end":{"line":251,"column":5}},"92":{"start":{"line":250,"column":5},"end":{"line":250,"column":31}},"93":{"start":{"line":253,"column":4},"end":{"line":253,"column":46}},"94":{"start":{"line":257,"column":3},"end":{"line":257,"column":43}},"95":{"start":{"line":260,"column":3},"end":{"line":265,"column":6}},"96":{"start":{"line":261,"column":4},"end":{"line":265,"column":6}},"97":{"start":{"line":267,"column":3},"end":{"line":267,"column":17}},"98":{"start":{"line":271,"column":2},"end":{"line":444,"column":3}},"99":{"start":{"line":274,"column":3},"end":{"line":274,"column":27}},"100":{"start":{"line":277,"column":3},"end":{"line":277,"column":38}},"101":{"start":{"line":280,"column":3},"end":{"line":280,"column":57}},"102":{"start":{"line":281,"column":3},"end":{"line":281,"column":23}},"103":{"start":{"line":284,"column":3},"end":{"line":284,"column":30}},"104":{"start":{"line":285,"column":3},"end":{"line":291,"column":4}},"105":{"start":{"line":286,"column":4},"end":{"line":286,"column":31}},"106":{"start":{"line":287,"column":4},"end":{"line":287,"column":67}},"107":{"start":{"line":288,"column":4},"end":{"line":290,"column":5}},"108":{"start":{"line":289,"column":5},"end":{"line":289,"column":41}},"109":{"start":{"line":294,"column":3},"end":{"line":294,"column":26}},"110":{"start":{"line":295,"column":3},"end":{"line":301,"column":4}},"111":{"start":{"line":296,"column":4},"end":{"line":296,"column":31}},"112":{"start":{"line":297,"column":4},"end":{"line":297,"column":68}},"113":{"start":{"line":298,"column":4},"end":{"line":300,"column":5}},"114":{"start":{"line":299,"column":5},"end":{"line":299,"column":45}},"115":{"start":{"line":304,"column":3},"end":{"line":304,"column":26}},"116":{"start":{"line":305,"column":3},"end":{"line":311,"column":4}},"117":{"start":{"line":306,"column":4},"end":{"line":306,"column":30}},"118":{"start":{"line":307,"column":4},"end":{"line":307,"column":66}},"119":{"start":{"line":308,"column":4},"end":{"line":310,"column":5}},"120":{"start":{"line":309,"column":5},"end":{"line":309,"column":44}},"121":{"start":{"line":313,"column":3},"end":{"line":313,"column":17}},"122":{"start":{"line":315,"column":3},"end":{"line":315,"column":62}},"123":{"start":{"line":318,"column":3},"end":{"line":318,"column":21}},"124":{"start":{"line":319,"column":3},"end":{"line":319,"column":19}},"125":{"start":{"line":320,"column":3},"end":{"line":320,"column":32}},"126":{"start":{"line":321,"column":3},"end":{"line":332,"column":4}},"127":{"start":{"line":322,"column":4},"end":{"line":322,"column":41}},"128":{"start":{"line":323,"column":4},"end":{"line":331,"column":5}},"129":{"start":{"line":324,"column":5},"end":{"line":327,"column":6}},"130":{"start":{"line":325,"column":6},"end":{"line":325,"column":41}},"131":{"start":{"line":326,"column":6},"end":{"line":326,"column":20}},"132":{"start":{"line":328,"column":5},"end":{"line":328,"column":43}},"133":{"start":{"line":330,"column":5},"end":{"line":330,"column":24}},"134":{"start":{"line":335,"column":3},"end":{"line":335,"column":36}},"135":{"start":{"line":338,"column":3},"end":{"line":338,"column":23}},"136":{"start":{"line":340,"column":3},"end":{"line":340,"column":63}},"137":{"start":{"line":342,"column":3},"end":{"line":442,"column":8}},"138":{"start":{"line":345,"column":4},"end":{"line":345,"column":37}},"139":{"start":{"line":347,"column":4},"end":{"line":347,"column":101}},"140":{"start":{"line":350,"column":4},"end":{"line":389,"column":5}},"141":{"start":{"line":352,"column":5},"end":{"line":352,"column":19}},"142":{"start":{"line":354,"column":5},"end":{"line":383,"column":6}},"143":{"start":{"line":355,"column":6},"end":{"line":355,"column":38}},"144":{"start":{"line":356,"column":6},"end":{"line":356,"column":66}},"145":{"start":{"line":357,"column":6},"end":{"line":358,"column":19}},"146":{"start":{"line":358,"column":7},"end":{"line":358,"column":19}},"147":{"start":{"line":359,"column":6},"end":{"line":382,"column":7}},"148":{"start":{"line":360,"column":7},"end":{"line":360,"column":44}},"149":{"start":{"line":362,"column":7},"end":{"line":380,"column":8}},"150":{"start":{"line":364,"column":9},"end":{"line":364,"column":25}},"151":{"start":{"line":365,"column":9},"end":{"line":365,"column":15}},"152":{"start":{"line":367,"column":9},"end":{"line":367,"column":26}},"153":{"start":{"line":368,"column":9},"end":{"line":368,"column":15}},"154":{"start":{"line":370,"column":9},"end":{"line":370,"column":25}},"155":{"start":{"line":371,"column":9},"end":{"line":371,"column":15}},"156":{"start":{"line":373,"column":9},"end":{"line":373,"column":30}},"157":{"start":{"line":374,"column":9},"end":{"line":374,"column":15}},"158":{"start":{"line":376,"column":9},"end":{"line":376,"column":23}},"159":{"start":{"line":377,"column":9},"end":{"line":377,"column":15}},"160":{"start":{"line":379,"column":9},"end":{"line":379,"column":38}},"161":{"start":{"line":385,"column":5},"end":{"line":385,"column":75}},"162":{"start":{"line":387,"column":5},"end":{"line":387,"column":17}},"163":{"start":{"line":392,"column":4},"end":{"line":438,"column":5}},"164":{"start":{"line":393,"column":5},"end":{"line":393,"column":19}},"165":{"start":{"line":395,"column":5},"end":{"line":433,"column":6}},"166":{"start":{"line":397,"column":6},"end":{"line":397,"column":36}},"167":{"start":{"line":399,"column":6},"end":{"line":400,"column":19}},"168":{"start":{"line":400,"column":7},"end":{"line":400,"column":19}},"169":{"start":{"line":402,"column":6},"end":{"line":405,"column":29}},"170":{"start":{"line":403,"column":7},"end":{"line":403,"column":16}},"171":{"start":{"line":405,"column":7},"end":{"line":405,"column":29}},"172":{"start":{"line":407,"column":6},"end":{"line":407,"column":40}},"173":{"start":{"line":409,"column":6},"end":{"line":432,"column":7}},"174":{"start":{"line":410,"column":7},"end":{"line":410,"column":45}},"175":{"start":{"line":412,"column":7},"end":{"line":430,"column":8}},"176":{"start":{"line":414,"column":9},"end":{"line":414,"column":26}},"177":{"start":{"line":415,"column":9},"end":{"line":415,"column":15}},"178":{"start":{"line":417,"column":9},"end":{"line":417,"column":27}},"179":{"start":{"line":418,"column":9},"end":{"line":418,"column":15}},"180":{"start":{"line":420,"column":9},"end":{"line":420,"column":26}},"181":{"start":{"line":421,"column":9},"end":{"line":421,"column":15}},"182":{"start":{"line":423,"column":9},"end":{"line":423,"column":31}},"183":{"start":{"line":424,"column":9},"end":{"line":424,"column":15}},"184":{"start":{"line":426,"column":9},"end":{"line":426,"column":24}},"185":{"start":{"line":427,"column":9},"end":{"line":427,"column":15}},"186":{"start":{"line":429,"column":9},"end":{"line":429,"column":39}},"187":{"start":{"line":435,"column":5},"end":{"line":435,"column":75}},"188":{"start":{"line":437,"column":5},"end":{"line":437,"column":17}},"189":{"start":{"line":440,"column":4},"end":{"line":440,"column":64}},"190":{"start":{"line":450,"column":2},"end":{"line":513,"column":4}},"191":{"start":{"line":453,"column":3},"end":{"line":453,"column":27}},"192":{"start":{"line":456,"column":3},"end":{"line":457,"column":44}},"193":{"start":{"line":457,"column":4},"end":{"line":457,"column":44}},"194":{"start":{"line":460,"column":3},"end":{"line":461,"column":22}},"195":{"start":{"line":461,"column":4},"end":{"line":461,"column":22}},"196":{"start":{"line":464,"column":3},"end":{"line":465,"column":27}},"197":{"start":{"line":465,"column":4},"end":{"line":465,"column":27}},"198":{"start":{"line":468,"column":3},"end":{"line":470,"column":4}},"199":{"start":{"line":469,"column":4},"end":{"line":469,"column":30}},"200":{"start":{"line":472,"column":3},"end":{"line":479,"column":4}},"201":{"start":{"line":473,"column":4},"end":{"line":473,"column":27}},"202":{"start":{"line":474,"column":4},"end":{"line":474,"column":57}},"203":{"start":{"line":475,"column":4},"end":{"line":478,"column":5}},"204":{"start":{"line":476,"column":5},"end":{"line":476,"column":36}},"205":{"start":{"line":477,"column":5},"end":{"line":477,"column":43}},"206":{"start":{"line":482,"column":3},"end":{"line":484,"column":4}},"207":{"start":{"line":483,"column":4},"end":{"line":483,"column":51}},"208":{"start":{"line":486,"column":3},"end":{"line":492,"column":4}},"209":{"start":{"line":487,"column":4},"end":{"line":487,"column":27}},"210":{"start":{"line":488,"column":10},"end":{"line":492,"column":4}},"211":{"start":{"line":489,"column":4},"end":{"line":489,"column":31}},"212":{"start":{"line":495,"column":3},"end":{"line":495,"column":67}},"213":{"start":{"line":498,"column":3},"end":{"line":498,"column":54}},"214":{"start":{"line":501,"column":3},"end":{"line":506,"column":4}},"215":{"start":{"line":503,"column":4},"end":{"line":503,"column":33}},"216":{"start":{"line":505,"column":4},"end":{"line":505,"column":40}},"217":{"start":{"line":511,"column":3},"end":{"line":511,"column":50}},"218":{"start":{"line":515,"column":2},"end":{"line":528,"column":4}},"219":{"start":{"line":516,"column":3},"end":{"line":517,"column":15}},"220":{"start":{"line":517,"column":4},"end":{"line":517,"column":15}},"221":{"start":{"line":519,"column":3},"end":{"line":527,"column":6}},"222":{"start":{"line":520,"column":4},"end":{"line":526,"column":9}},"223":{"start":{"line":530,"column":2},"end":{"line":543,"column":4}},"224":{"start":{"line":531,"column":3},"end":{"line":532,"column":15}},"225":{"start":{"line":532,"column":4},"end":{"line":532,"column":15}},"226":{"start":{"line":534,"column":3},"end":{"line":542,"column":5}},"227":{"start":{"line":535,"column":4},"end":{"line":541,"column":9}},"228":{"start":{"line":545,"column":2},"end":{"line":547,"column":4}},"229":{"start":{"line":546,"column":3},"end":{"line":546,"column":67}},"230":{"start":{"line":549,"column":2},"end":{"line":551,"column":4}},"231":{"start":{"line":550,"column":3},"end":{"line":550,"column":31}},"232":{"start":{"line":553,"column":2},"end":{"line":561,"column":4}},"233":{"start":{"line":555,"column":3},"end":{"line":559,"column":4}},"234":{"start":{"line":556,"column":4},"end":{"line":558,"column":5}},"235":{"start":{"line":557,"column":5},"end":{"line":557,"column":14}},"236":{"start":{"line":560,"column":3},"end":{"line":560,"column":13}},"237":{"start":{"line":563,"column":2},"end":{"line":567,"column":4}},"238":{"start":{"line":572,"column":1},"end":{"line":572,"column":26}},"239":{"start":{"line":573,"column":1},"end":{"line":577,"column":29}},"240":{"start":{"line":574,"column":2},"end":{"line":575,"column":31}},"241":{"start":{"line":575,"column":2},"end":{"line":575,"column":31}},"242":{"start":{"line":577,"column":2},"end":{"line":577,"column":29}}},"branchMap":{"1":{"line":18,"type":"binary-expr","locations":[{"start":{"line":18,"column":13},"end":{"line":18,"column":20}},{"start":{"line":18,"column":24},"end":{"line":18,"column":26}}]},"2":{"line":21,"type":"binary-expr","locations":[{"start":{"line":21,"column":17},"end":{"line":21,"column":32}},{"start":{"line":21,"column":36},"end":{"line":21,"column":41}}]},"3":{"line":23,"type":"binary-expr","locations":[{"start":{"line":23,"column":3},"end":{"line":23,"column":10}},{"start":{"line":23,"column":14},"end":{"line":23,"column":54}}]},"4":{"line":26,"type":"cond-expr","locations":[{"start":{"line":26,"column":37},"end":{"line":26,"column":58}},{"start":{"line":26,"column":61},"end":{"line":26,"column":65}}]},"5":{"line":28,"type":"binary-expr","locations":[{"start":{"line":28,"column":3},"end":{"line":28,"column":10}},{"start":{"line":28,"column":14},"end":{"line":28,"column":56}}]},"6":{"line":37,"type":"binary-expr","locations":[{"start":{"line":37,"column":3},"end":{"line":37,"column":10}},{"start":{"line":37,"column":14},"end":{"line":37,"column":45}}]},"7":{"line":42,"type":"binary-expr","locations":[{"start":{"line":42,"column":4},"end":{"line":42,"column":11}},{"start":{"line":42,"column":15},"end":{"line":42,"column":91}}]},"8":{"line":48,"type":"if","locations":[{"start":{"line":48,"column":4},"end":{"line":48,"column":4}},{"start":{"line":48,"column":4},"end":{"line":48,"column":4}}]},"9":{"line":56,"type":"if","locations":[{"start":{"line":56,"column":4},"end":{"line":56,"column":4}},{"start":{"line":56,"column":4},"end":{"line":56,"column":4}}]},"10":{"line":64,"type":"if","locations":[{"start":{"line":64,"column":4},"end":{"line":64,"column":4}},{"start":{"line":64,"column":4},"end":{"line":64,"column":4}}]},"11":{"line":72,"type":"if","locations":[{"start":{"line":72,"column":6},"end":{"line":72,"column":6}},{"start":{"line":72,"column":6},"end":{"line":72,"column":6}}]},"12":{"line":83,"type":"if","locations":[{"start":{"line":83,"column":4},"end":{"line":83,"column":4}},{"start":{"line":83,"column":4},"end":{"line":83,"column":4}}]},"13":{"line":91,"type":"if","locations":[{"start":{"line":91,"column":6},"end":{"line":91,"column":6}},{"start":{"line":91,"column":6},"end":{"line":91,"column":6}}]},"14":{"line":104,"type":"if","locations":[{"start":{"line":104,"column":4},"end":{"line":104,"column":4}},{"start":{"line":104,"column":4},"end":{"line":104,"column":4}}]},"15":{"line":112,"type":"if","locations":[{"start":{"line":112,"column":4},"end":{"line":112,"column":4}},{"start":{"line":112,"column":4},"end":{"line":112,"column":4}}]},"16":{"line":118,"type":"if","locations":[{"start":{"line":118,"column":5},"end":{"line":118,"column":5}},{"start":{"line":118,"column":5},"end":{"line":118,"column":5}}]},"17":{"line":131,"type":"if","locations":[{"start":{"line":131,"column":4},"end":{"line":131,"column":4}},{"start":{"line":131,"column":4},"end":{"line":131,"column":4}}]},"18":{"line":131,"type":"binary-expr","locations":[{"start":{"line":131,"column":8},"end":{"line":131,"column":25}},{"start":{"line":131,"column":29},"end":{"line":131,"column":43}}]},"19":{"line":137,"type":"if","locations":[{"start":{"line":137,"column":5},"end":{"line":137,"column":5}},{"start":{"line":137,"column":5},"end":{"line":137,"column":5}}]},"20":{"line":150,"type":"if","locations":[{"start":{"line":150,"column":4},"end":{"line":150,"column":4}},{"start":{"line":150,"column":4},"end":{"line":150,"column":4}}]},"21":{"line":155,"type":"if","locations":[{"start":{"line":155,"column":5},"end":{"line":155,"column":5}},{"start":{"line":155,"column":5},"end":{"line":155,"column":5}}]},"22":{"line":169,"type":"if","locations":[{"start":{"line":169,"column":4},"end":{"line":169,"column":4}},{"start":{"line":169,"column":4},"end":{"line":169,"column":4}}]},"23":{"line":172,"type":"cond-expr","locations":[{"start":{"line":172,"column":21},"end":{"line":172,"column":31}},{"start":{"line":172,"column":34},"end":{"line":172,"column":45}}]},"24":{"line":186,"type":"binary-expr","locations":[{"start":{"line":186,"column":3},"end":{"line":186,"column":10}},{"start":{"line":186,"column":14},"end":{"line":186,"column":51}}]},"25":{"line":193,"type":"binary-expr","locations":[{"start":{"line":193,"column":3},"end":{"line":193,"column":10}},{"start":{"line":193,"column":14},"end":{"line":193,"column":50}}]},"26":{"line":198,"type":"binary-expr","locations":[{"start":{"line":198,"column":4},"end":{"line":198,"column":11}},{"start":{"line":198,"column":15},"end":{"line":198,"column":89}}]},"27":{"line":202,"type":"if","locations":[{"start":{"line":202,"column":4},"end":{"line":202,"column":4}},{"start":{"line":202,"column":4},"end":{"line":202,"column":4}}]},"28":{"line":209,"type":"if","locations":[{"start":{"line":209,"column":6},"end":{"line":209,"column":6}},{"start":{"line":209,"column":6},"end":{"line":209,"column":6}}]},"29":{"line":215,"type":"cond-expr","locations":[{"start":{"line":215,"column":49},"end":{"line":215,"column":68}},{"start":{"line":215,"column":71},"end":{"line":215,"column":77}}]},"30":{"line":222,"type":"if","locations":[{"start":{"line":222,"column":4},"end":{"line":222,"column":4}},{"start":{"line":222,"column":4},"end":{"line":222,"column":4}}]},"31":{"line":227,"type":"if","locations":[{"start":{"line":227,"column":4},"end":{"line":227,"column":4}},{"start":{"line":227,"column":4},"end":{"line":227,"column":4}}]},"32":{"line":232,"type":"if","locations":[{"start":{"line":232,"column":4},"end":{"line":232,"column":4}},{"start":{"line":232,"column":4},"end":{"line":232,"column":4}}]},"33":{"line":237,"type":"if","locations":[{"start":{"line":237,"column":4},"end":{"line":237,"column":4}},{"start":{"line":237,"column":4},"end":{"line":237,"column":4}}]},"34":{"line":241,"type":"if","locations":[{"start":{"line":241,"column":4},"end":{"line":241,"column":4}},{"start":{"line":241,"column":4},"end":{"line":241,"column":4}}]},"35":{"line":245,"type":"if","locations":[{"start":{"line":245,"column":4},"end":{"line":245,"column":4}},{"start":{"line":245,"column":4},"end":{"line":245,"column":4}}]},"36":{"line":249,"type":"if","locations":[{"start":{"line":249,"column":4},"end":{"line":249,"column":4}},{"start":{"line":249,"column":4},"end":{"line":249,"column":4}}]},"37":{"line":257,"type":"binary-expr","locations":[{"start":{"line":257,"column":3},"end":{"line":257,"column":10}},{"start":{"line":257,"column":14},"end":{"line":257,"column":42}}]},"38":{"line":260,"type":"if","locations":[{"start":{"line":260,"column":3},"end":{"line":260,"column":3}},{"start":{"line":260,"column":3},"end":{"line":260,"column":3}}]},"39":{"line":274,"type":"binary-expr","locations":[{"start":{"line":274,"column":13},"end":{"line":274,"column":20}},{"start":{"line":274,"column":24},"end":{"line":274,"column":26}}]},"40":{"line":280,"type":"binary-expr","locations":[{"start":{"line":280,"column":3},"end":{"line":280,"column":18}},{"start":{"line":280,"column":22},"end":{"line":280,"column":56}}]},"41":{"line":285,"type":"if","locations":[{"start":{"line":285,"column":3},"end":{"line":285,"column":3}},{"start":{"line":285,"column":3},"end":{"line":285,"column":3}}]},"42":{"line":287,"type":"binary-expr","locations":[{"start":{"line":287,"column":4},"end":{"line":287,"column":19}},{"start":{"line":287,"column":23},"end":{"line":287,"column":66}}]},"43":{"line":295,"type":"if","locations":[{"start":{"line":295,"column":3},"end":{"line":295,"column":3}},{"start":{"line":295,"column":3},"end":{"line":295,"column":3}}]},"44":{"line":297,"type":"binary-expr","locations":[{"start":{"line":297,"column":4},"end":{"line":297,"column":19}},{"start":{"line":297,"column":23},"end":{"line":297,"column":67}}]},"45":{"line":305,"type":"if","locations":[{"start":{"line":305,"column":3},"end":{"line":305,"column":3}},{"start":{"line":305,"column":3},"end":{"line":305,"column":3}}]},"46":{"line":307,"type":"binary-expr","locations":[{"start":{"line":307,"column":4},"end":{"line":307,"column":19}},{"start":{"line":307,"column":23},"end":{"line":307,"column":65}}]},"47":{"line":315,"type":
[...]
","\t\tvar TOKEN_FALSE = -2;","\t\tvar TOKEN_NULL = -3;","\t\tvar TOKEN_EMPTY_STRING = -4;","\t\tvar TOKEN_UNDEFINED = -5;","","\t\tvar pack = function(json, options) {","","\t\t\t// Canonizes the options","\t\t\toptions = options || {};","","\t\t\t// A shorthand for debugging","\t\t\tvar verbose = options.verbose || false;","","\t\t\tverbose && console.log('Normalize the JSON Object');","","\t\t\t// JSON as Javascript Object (Not string representation)","\t\t\tjson = typeof json === 'string' ? this.JSON.parse(json) : json;","","\t\t\tverbose && console.log('Creating a empty dictionary');","","\t\t\t// The dictionary","\t\t\tvar dictionary = {","\t\t\t\tstrings : [],","\t\t\t\tintegers : [],","\t\t\t\tfloats : []","\t\t\t};","","\t\t\tverbose && console.log('Creating the AST');","","\t\t\t// The AST","\t\t\tvar ast = (function recursiveAstBuilder(item) {","","\t\t\t\tverbose && console.log('Calling recursiveAstBuilder with ' + this.JSON.stringify(item));","","\t\t\t\t// The type of the item","\t\t\t\tvar type = typeof item;","","\t\t\t\t// Case 7: The item is null","\t\t\t\tif (item === null) {","\t\t\t\t\treturn {","\t\t\t\t\t\ttype : 'null',","\t\t\t\t\t\tindex : TOKEN_NULL","\t\t\t\t\t};","\t\t\t\t}","\t\t\t\t","\t\t\t\t//add undefined ","\t\t\t\tif (typeof item === 'undefined') {","\t\t\t\t\treturn {","\t\t\t\t\t\ttype : 'undefined',","\t\t\t\t\t\tindex : TOKEN_UNDEFINED","\t\t\t\t\t};","\t\t\t\t}","","\t\t\t\t// Case 1: The item is Array Object","\t\t\t\tif ( item instanceof Array) {","","\t\t\t\t\t// Create a new sub-AST of type Array (@)","\t\t\t\t\tvar ast = ['@'];","","\t\t\t\t\t// Add each items","\t\t\t\t\tfor (var i in item) {","\t\t\t\t\t\t","\t\t\t\t\t\tif (!item.hasOwnProperty(i)) continue;","","\t\t\t\t\t\tast.push(recursiveAstBuilder(item[i]));","\t\t\t\t\t}","","\t\t\t\t\t// And return","\t\t\t\t\treturn ast;","","\t\t\t\t}","","\t\t\t\t// Case 2: The item is Object","\t\t\t\tif (type === 'object') {","","\t\t\t\t\t// Create a new sub-AST of type Object ($)","\t\t\t\t\tvar ast = ['$'];","","\t\t\t\t\t// Add each items","\t\t\t\t\tfor (var key in item) {","","\t\t\t\t\t\tif (!item.hasOwnProperty(key))","\t\t\t\t\t\t\tcontinue;","","\t\t\t\t\t\tast.push(recursiveAstBuilder(key));","\t\t\t\t\t\tast.push(recursiveAstBuilder(item[key]));","\t\t\t\t\t}","","\t\t\t\t\t// And return","\t\t\t\t\treturn ast;","","\t\t\t\t}","","\t\t\t\t// Case 3: The item empty string","\t\t\t\tif (item === '') {","\t\t\t\t\treturn {","\t\t\t\t\t\ttype : 'empty',","\t\t\t\t\t\tindex : TOKEN_EMPTY_STRING","\t\t\t\t\t};","\t\t\t\t}","","\t\t\t\t// Case 4: The item is String","\t\t\t\tif (type === 'string') {","","\t\t\t\t\t// The index of that word in the dictionary","\t\t\t\t\tvar index = _indexOf.call(dictionary.strings, item);","","\t\t\t\t\t// If not, add to the dictionary and actualize the index","\t\t\t\t\tif (index == -1) {","\t\t\t\t\t\tdictionary.strings.push(_encode(item));","\t\t\t\t\t\tindex = dictionary.strings.length - 1;","\t\t\t\t\t}","","\t\t\t\t\t// Return the token","\t\t\t\t\treturn {","\t\t\t\t\t\ttype : 'strings',","\t\t\t\t\t\tindex : index","\t\t\t\t\t};","\t\t\t\t}","","\t\t\t\t// Case 5: The item is integer","\t\t\t\tif (type === 'number' && item % 1 === 0) {","","\t\t\t\t\t// The index of that number in the dictionary","\t\t\t\t\tvar index = _indexOf.call(dictionary.integers, item);","","\t\t\t\t\t// If not, add to the dictionary and actualize the index","\t\t\t\t\tif (index == -1) {","\t\t\t\t\t\tdictionary.integers.push(_base10To36(item));","\t\t\t\t\t\tindex = dictionary.integers.length - 1;","\t\t\t\t\t}","","\t\t\t\t\t// Return the token","\t\t\t\t\treturn {","\t\t\t\t\t\ttype : 'integers',","\t\t\t\t\t\tindex : index","\t\t\t\t\t};","\t\t\t\t}","","\t\t\t\t// Case 6: The item is float","\t\t\t\tif (type === 'number') {","\t\t\t\t\t// The index of that number in the dictionary","\t\t\t\t\tvar index = _indexOf.call(dictionary.floats, item);","","\t\t\t\t\t// If not, add to the dictionary and actualize the index","\t\t\t\t\tif (index == -1) {","\t\t\t\t\t\t// Float not use base 36","\t\t\t\t\t\tdictionary.floats.push(item);","\t\t\t\t\t\tindex = dictionary.floats.length - 1;","\t\t\t\t\t}","","\t\t\t\t\t// Return the token","\t\t\t\t\treturn {","\t\t\t\t\t\ttype : 'floats',","\t\t\t\t\t\tindex : index","\t\t\t\t\t};","\t\t\t\t}","","\t\t\t\t// Case 7: The item is boolean","\t\t\t\tif (type === 'boolean') {","\t\t\t\t\treturn {","\t\t\t\t\t\ttype : 'boolean',","\t\t\t\t\t\tindex : item ? TOKEN_TRUE : TOKEN_FALSE","\t\t\t\t\t};","\t\t\t\t}","","\t\t\t\t// Default","\t\t\t\tthrow new Error('Unexpected argument of type ' + typeof (item));","","\t\t\t})(json);","","\t\t\t// A set of shorthands proxies for the length of the dictionaries","\t\t\tvar stringLength = dictionary.strings.length;","\t\t\tvar integerLength = dictionary.integers.length;","\t\t\tvar floatLength = dictionary.floats.length;","","\t\t\tverbose && console.log('Parsing the dictionary');","","\t\t\t// Create a raw dictionary","\t\t\tvar packed = dictionary.strings.join('|');","\t\t\tpacked += '^' + dictionary.integers.join('|');","\t\t\tpacked += '^' + dictionary.floats.join('|');","","\t\t\tverbose && console.log('Parsing the structure');","","\t\t\t// And add the structure","\t\t\tpacked += '^' + (function recursiveParser(item) {","","\t\t\t\tverbose && console.log('Calling a recursiveParser with ' + this.JSON.stringify(item));","","\t\t\t\t// If the item is Array, then is a object of","\t\t\t\t// type [object Object] or [object Array]","\t\t\t\tif ( item instanceof Array) {","","\t\t\t\t\t// The packed resulting","\t\t\t\t\tvar packed = item.shift();","","\t\t\t\t\tfor (var i in item) {","\t\t\t\t\t\t","\t\t\t\t\t\tif (!item.hasOwnProperty(i)) ","\t\t\t\t\t\t\tcontinue;","\t\t\t\t\t\t","\t\t\t\t\t\tpacked += recursiveParser(item[i]) + '|';","\t\t\t\t\t}","","\t\t\t\t\treturn (packed[packed.length - 1] === '|' ? packed.slice(0, -1) : packed) + ']';","","\t\t\t\t}","","\t\t\t\t// A shorthand proxies","\t\t\t\tvar type = item.type, index = item.index;","","\t\t\t\tif (type === 'strings') {","\t\t\t\t\t// Just return the base 36 of index","\t\t\t\t\treturn _base10To36(index);","\t\t\t\t}","","\t\t\t\tif (type === 'integers') {","\t\t\t\t\t// Return a base 36 of index plus stringLength offset","\t\t\t\t\treturn _base10To36(stringLength + index);","\t\t\t\t}","","\t\t\t\tif (type === 'floats') {","\t\t\t\t\t// Return a base 36 of index plus stringLength and integerLength offset","\t\t\t\t\treturn _base10To36(stringLength + integerLength + index);","\t\t\t\t}","","\t\t\t\tif (type === 'boolean') {","\t\t\t\t\treturn item.index;","\t\t\t\t}","","\t\t\t\tif (type === 'null') {","\t\t\t\t\treturn TOKEN_NULL;","\t\t\t\t}","","\t\t\t\tif (type === 'undefined') {","\t\t\t\t\treturn TOKEN_UNDEFINED;","\t\t\t\t}","","\t\t\t\tif (type === 'empty') {","\t\t\t\t\treturn TOKEN_EMPTY_STRING;","\t\t\t\t}","","\t\t\t\tthrow new TypeError('The item is alien!');","","\t\t\t})(ast);","","\t\t\tverbose && console.log('Ending parser');","","\t\t\t// If debug, return a internal representation of dictionary and stuff","\t\t\tif (options.debug)","\t\t\t\treturn {","\t\t\t\t\tdictionary : dictionary,","\t\t\t\t\tast : ast,","\t\t\t\t\tpacked : packed","\t\t\t\t};","","\t\t\treturn packed;","","\t\t};","","\t\tvar unpack = function(packed, options) {","","\t\t\t// Canonizes the options","\t\t\toptions = options || {};","","\t\t\t// A raw buffer","\t\t\tvar rawBuffers = packed.split('^');","","\t\t\t// Create a dictionary","\t\t\toptions.verbose && console.log('Building dictionary');","\t\t\tvar dictionary = [];","","\t\t\t// Add the strings values","\t\t\tvar buffer = rawBuffers[0];","\t\t\tif (buffer !== '') {","\t\t\t\tbuffer = buffer.split('|');","\t\t\t\toptions.verbose && console.log('Parse the strings dictionary');","\t\t\t\tfor (var i=0, n=buffer.length; i<n; i++){","\t\t\t\t\tdictionary.push(_decode(buffer[i]));","\t\t\t\t}","\t\t\t}","","\t\t\t// Add the integers values","\t\t\tbuffer = rawBuffers[1];","\t\t\tif (buffer !== '') {","\t\t\t\tbuffer = buffer.split('|');","\t\t\t\toptions.verbose && console.log('Parse the integers dictionary');","\t\t\t\tfor (var i=0, n=buffer.length; i<n; i++){","\t\t\t\t\tdictionary.push(_base36To10(buffer[i]));","\t\t\t\t}","\t\t\t}","","\t\t\t// Add the floats values","\t\t\tbuffer = rawBuffers[2];","\t\t\tif (buffer !== '') {","\t\t\t\tbuffer = buffer.split('|')","\t\t\t\toptions.verbose && console.log('Parse the floats dictionary');","\t\t\t\tfor (var i=0, n=buffer.length; i<n; i++){","\t\t\t\t\tdictionary.push(parseFloat(buffer[i]));","\t\t\t\t}","\t\t\t}","\t\t\t// Free memory","\t\t\tbuffer = null;","","\t\t\toptions.verbose && console.log('Tokenizing the structure');","","\t\t\t// Tokenizer the structure","\t\t\tvar number36 = '';","\t\t\tvar tokens = [];","\t\t\tvar len=rawBuffers[3].length;","\t\t\tfor (var i = 0; i < len; i++) {","\t\t\t\tvar symbol = rawBuffers[3].charAt(i);","\t\t\t\tif (symbol === '|' || symbol === '$' || symbol === '@' || symbol === ']') {","\t\t\t\t\tif (number36) {","\t\t\t\t\t\ttokens.push(_base36To10(number36));","\t\t\t\t\t\tnumber36 = '';","\t\t\t\t\t}","\t\t\t\t\tsymbol !== '|' && tokens.push(symbol);","\t\t\t\t} else {","\t\t\t\t\tnumber36 += symbol;","\t\t\t\t}","\t\t\t}","","\t\t\t// A shorthand proxy for tokens.length","\t\t\tvar tokensLength = tokens.length;","","\t\t\t// The index of the next token to read","\t\t\tvar tokensIndex = 0;","","\t\t\toptions.verbose && console.log('Starting recursive parser');","","\t\t\treturn (function recursiveUnpackerParser() {","","\t\t\t\t// Maybe '$' (object) or '@' (array)","\t\t\t\tvar type = tokens[tokensIndex++];","","\t\t\t\toptions.verbose && console.log('Reading collection type ' + (type === '$' ? 'object' : 'Array'));","","\t\t\t\t// Parse an array","\t\t\t\tif (type === '@') {","","\t\t\t\t\tvar node = [];","","\t\t\t\t\tfor (; tokensIndex < tokensLength; tokensIndex++) {","\t\t\t\t\t\tvar value = tokens[tokensIndex];","\t\t\t\t\t\toptions.verbose && console.log('Read ' + value + ' symbol');","\t\t\t\t\t\tif (value === ']')","\t\t\t\t\t\t\treturn node;","\t\t\t\t\t\tif (value === '@' || value === '$') {","\t\t\t\t\t\t\tnode.push(recursiveUnpackerParser());","\t\t\t\t\t\t} else {","\t\t\t\t\t\t\tswitch(value) {","\t\t\t\t\t\t\t\tcase TOKEN_TRUE:","\t\t\t\t\t\t\t\t\tnode.push(true);","\t\t\t\t\t\t\t\t\tbreak;","\t\t\t\t\t\t\t\tcase TOKEN_FALSE:","\t\t\t\t\t\t\t\t\tnode.push(false);","\t\t\t\t\t\t\t\t\tbreak;","\t\t\t\t\t\t\t\tcase TOKEN_NULL:","\t\t\t\t\t\t\t\t\tnode.push(null);","\t\t\t\t\t\t\t\t\tbreak;","\t\t\t\t\t\t\t\tcase TOKEN_UNDEFINED:","\t\t\t\t\t\t\t\t\tnode.push(undefined);","\t\t\t\t\t\t\t\t\tbreak;","\t\t\t\t\t\t\t\tcase TOKEN_EMPTY_STRING:","\t\t\t\t\t\t\t\t\tnode.push('');","\t\t\t\t\t\t\t\t\tbreak;","\t\t\t\t\t\t\t\tdefault:","\t\t\t\t\t\t\t\t\tnode.push(dictionary[value]);","\t\t\t\t\t\t\t}","","\t\t\t\t\t\t}","\t\t\t\t\t}","","\t\t\t\t\toptions.verbose && console.log('Parsed ' + this.JSON.stringify(node));","","\t\t\t\t\treturn node;","","\t\t\t\t}","","\t\t\t\t// Parse a object","\t\t\t\tif (type === '$') {","\t\t\t\t\tvar node = {};","","\t\t\t\t\tfor (; tokensIndex < tokensLength; tokensIndex++) {","","\t\t\t\t\t\tvar key = tokens[tokensIndex];","","\t\t\t\t\t\tif (key === ']')","\t\t\t\t\t\t\treturn node;","","\t\t\t\t\t\tif (key === TOKEN_EMPTY_STRING)","\t\t\t\t\t\t\tkey = '';","\t\t\t\t\t\telse","\t\t\t\t\t\t\tkey = dictionary[key];","","\t\t\t\t\t\tvar value = tokens[++tokensIndex];","","\t\t\t\t\t\tif (value === '@' || value === '$') {","\t\t\t\t\t\t\tnode[key] = recursiveUnpackerParser();","\t\t\t\t\t\t} else {","\t\t\t\t\t\t\tswitch(value) {","\t\t\t\t\t\t\t\tcase TOKEN_TRUE:","\t\t\t\t\t\t\t\t\tnode[key] = true;","\t\t\t\t\t\t\t\t\tbreak;","\t\t\t\t\t\t\t\tcase TOKEN_FALSE:","\t\t\t\t\t\t\t\t\tnode[key] = false;","\t\t\t\t\t\t\t\t\tbreak;","\t\t\t\t\t\t\t\tcase TOKEN_NULL:","\t\t\t\t\t\t\t\t\tnode[key] = null;","\t\t\t\t\t\t\t\t\tbreak;","\t\t\t\t\t\t\t\tcase TOKEN_UNDEFINED:","\t\t\t\t\t\t\t\t\tnode[key] = undefined;","\t\t\t\t\t\t\t\t\tbreak;","\t\t\t\t\t\t\t\tcase TOKEN_EMPTY_STRING:","\t\t\t\t\t\t\t\t\tnode[key] = '';","\t\t\t\t\t\t\t\t\tbreak;","\t\t\t\t\t\t\t\tdefault:","\t\t\t\t\t\t\t\t\tnode[key] = dictionary[value];","\t\t\t\t\t\t\t}","","\t\t\t\t\t\t}","\t\t\t\t\t}","","\t\t\t\t\toptions.verbose && console.log('Parsed ' + this.JSON.stringify(node));","","\t\t\t\t\treturn node;","\t\t\t\t}","","\t\t\t\tthrow new TypeError('Bad token ' + type + ' isn\\'t a type');","","\t\t\t})();","","\t\t}","\t\t/**","\t\t * Get the index value of the dictionary","\t\t * @param {Object} dictionary a object that have two array attributes: 'string' and 'number'","\t\t * @param {Object} data","\t\t */","\t\tvar _indexOfDictionary = function(dictionary, value) {","","\t\t\t// The type of the value","\t\t\tvar type = typeof value;","","\t\t\t// If is boolean, return a boolean token","\t\t\tif (type === 'boolean')","\t\t\t\treturn value ? TOKEN_TRUE : TOKEN_FALSE;","","\t\t\t// If is null, return a... yes! the null token","\t\t\tif (value === null)","\t\t\t\treturn TOKEN_NULL;","","\t\t\t//add undefined","\t\t\tif (typeof value === 'undefined')","\t\t\t\treturn TOKEN_UNDEFINED;","","","\t\t\tif (value === '') {","\t\t\t\treturn TOKEN_EMPTY_STRING;","\t\t\t}","","\t\t\tif (type === 'string') {","\t\t\t\tvalue = _encode(value);","\t\t\t\tvar index = _indexOf.call(dictionary.strings, value);","\t\t\t\tif (index === -1) {","\t\t\t\t\tdictionary.strings.push(value);","\t\t\t\t\tindex = dictionary.strings.length - 1;","\t\t\t\t}","\t\t\t}","","\t\t\t// If has an invalid JSON type (example a function)","\t\t\tif (type !== 'string' && type !== 'number') {","\t\t\t\tthrow new Error('The type is not a JSON type');","\t\t\t};","","\t\t\tif (type === 'string') {// string","\t\t\t\tvalue = _encode(value);","\t\t\t} else if (value % 1 === 0) {// integer","\t\t\t\tvalue = _base10To36(value);","\t\t\t} else {// float","","\t\t\t}","","\t\t\t// If is number, \"serialize\" the value","\t\t\tvalue = type === 'number' ? _base10To36(value) : _encode(value);","","\t\t\t// Retrieve the index of that value in the dictionary","\t\t\tvar index = _indexOf.call(dictionary[type], value);","","\t\t\t// If that value is not in the dictionary","\t\t\tif (index === -1) {","\t\t\t\t// Push the value","\t\t\t\tdictionary[type].push(value);","\t\t\t\t// And return their index","\t\t\t\tindex = dictionary[type].length - 1;","\t\t\t}","","\t\t\t// If the type is a number, then add the '+'  prefix character","\t\t\t// to differentiate that they is a number index. If not, then","\t\t\t// just return a 36-based representation of the index","\t\t\treturn type === 'number' ? '+' + index : index;","","\t\t};","","\t\tvar _encode = function(str) {","\t\t\tif ( typeof str !== 'string')","\t\t\t\treturn str;","","\t\t\treturn str.replace(/[\\+ \\|\\^\\%]/g, function(a) {","\t\t\t\treturn ({","\t\t\t\t' ' : '+',","\t\t\t\t'+' : '%2B',","\t\t\t\t'|' : '%7C',","\t\t\t\t'^' : '%5E',","\t\t\t\t'%' : '%25'","\t\t\t\t})[a]","\t\t\t});","\t\t};","","\t\tvar _decode = function(str) {","\t\t\tif ( typeof str !== 'string')","\t\t\t\treturn str;","","\t\t\treturn str.replace(/\\+|%2B|%7C|%5E|%25/g, function(a) {","\t\t\t\treturn ({","\t\t\t\t'+' : ' ',","\t\t\t\t'%2B' : '+',","\t\t\t\t'%7C' : '|',","\t\t\t\t'%5E' : '^',","\t\t\t\t'%25' : '%'","\t\t\t\t})[a]","\t\t\t})","\t\t};","","\t\tvar _base10To36 = function(number) {","\t\t\treturn Number.prototype.toString.call(number, 36).toUpperCase();","\t\t};","","\t\tvar _base36To10 = function(number) {","\t\t\treturn parseInt(number, 36);","\t\t};","","\t\tvar _indexOf = Array.prototype.indexOf ||","\t\tfunction(obj, start) {","\t\t\tfor (var i = (start || 0), j = this.length; i < j; i++) {","\t\t\t\tif (this[i] === obj) {","\t\t\t\t\treturn i;","\t\t\t\t}","\t\t\t}","\t\t\treturn -1;","\t\t};","","\t\treturn {","\t\t\tJSON : JSON,","\t\t\tpack : pack,","\t\t\tunpack : unpack","\t\t};","","\t});","","})( typeof define == 'undefined' || !define.amd ? function(deps, factory) {","\tvar jsonpack = factory();","\tif ( typeof exports != 'undefined')","\t\tfor (var key in jsonpack)","\t\texports[key] = jsonpack[key];","\telse","\t\twindow.jsonpack = jsonpack;","} : define);",""],"l":{"5":1,"7":1,"9":1,"10":1,"11":1,"12":1,"13":1,"15":1,"18":0,"21":0,"23":0,"26":0,"28":0,"31":0,"37":0,"40":0,"42":0,"45":0,"48":0,"49":0,"56":0,"57":0,"64":0,"67":0,"70":0,"72":0,"74":0,"78":0,"83":0,"86":0,"89":0,"91":0,"92":0,"94":0,"95":0,"99":0,"104":0,"105":0,"112":0,"115":0,"118":0,"119":0,"120":0,"124":0,"131":0,"134":0,"137":0,"138":0,"139":0,"143":0,"150":0,"152":0,"155":0,"157":0,"158":0,"162":0,"169":0,"170":0,"177":0,"182":0,"183":0,"184":0,"186":0,"189":0,"190":0,"191":0,"193":0,"196":0,"198":0,"202":0,"205":0,"207":0,"209":0,"210":0,"212":0,"215":0,"220":0,"222":0,"224":0,"227":0,"229":0,"232":0,"234":0,"237":0,"238":0,"241":0,"242":0,"245":0,"246":0,"249":0,"250":0,"253":0,"257":0,"260":0,"261":0,"267":0,"271":1,"274":0,"277":0,"280":0,"281":0,"284":0,"285":0,"286":0,"287":0,"288":0,"289":0,"294":0,"295":0,"296":0,"297":0,"298":0,"299":0,"304":0,"305":0,"306":0,"307":0,"308":0,"309":0,"313":0,"315":0,"318":0,"319":0,"320":0,"321":0,"322":0,"323":0,"324":0,"325":0,"326":0,"328":0,"330":0,"335":0,"338":0,"340":0,"342":0,"345":0,"347":0,"350":0,"352":0,"354":0,"355":0,"356":0,"357":0,"358":0,"359":0,"360":0,"362":0,"364":0,"365":0,"367":0,"368":0,"370":0,"371":0,"373":0,"374":0,"376":0,"377":0,"379":0,"385":0,"387":0,"392":0,"393":0,"395":0,"397":0,"399":0,"400":0,"402":0,"403":0,"405":0,"407":0,"409":0,"410":0,"412":0,"414":0,"415":0,"417":0,"418":0,"420":0,"421":0,"423":0,"424":0,"426":0,"427":0,"429":0,"435":0,"437":0,"440":0,"450":1,"453":0,"456":0,"457":0,"460":0,"461":0,"464":0,"465":0,"468":0,"469":0,"472":0,"473":0,"474":0,"475":0,"476":0,"477":0,"482":0,"483":0,"486":0,"487":0,"488":0,"489":0,"495":0,"498":0,"501":0,"503":0,"505":0,"511":0,"515":1,"516":0,"517":0,"519":0,"520":0,"530":1,"531":0,"532":0,"534":0,"535":0,"545":1,"546":0,"549":1,"550":0,"553":1,"555":0,"556":0,"557":0,"560":0,"563":1,"572":1,"573":1,"574":1,"575":3,"577":0}},"/home/travis/build/npmtest/node-npmtest-jsonpack/node_modules/jsonpack/package.js":{"path":"/home/travis/build/npmtest/node-npmtest-jsonpack/node_modules/jsonpack/package.js","s":{"1":1,"2":1,"3":0,"4":0,"5":0},"b":{"1":[0,0]},"f":{"1":0,"2":0,"3":0},"fnMap":{"1":{"name":"(anonymous_1)","line":13,"loc":{"start":{"line":13,"column":8},"end":{"line":13,"column":32}}},"2":{"name":"(anonymous_2)","line":17,"loc":{"start":{"line":17,"column":15},"end":{"line":17,"column":38}}},"3":{"name":"(anonymous_3)","line":21,"loc":{"start":{"line":21,"column":7},"end":{"line":21,"column":30}}}},"statementMap":{"1":{"start":{"line":5,"column":0},"end":{"line":9,"column":23}},"2":{"start":{"line":11,"column":0},"end":{"line":25,"column":2}},"3":{"start":{"line":14,"column":3},"end":{"line":14,"column":34}},"4":{"start":{"line":18,"column":3},"end":{"line":18,"column":57}},"5":{"start":{"line":22,"column":3},"end":{"line":22,"column":33}}},"branchMap":{"1":{"line":18,"type":"binary-expr","locations":[{"start":{"line":18,"column":10},"end":{"line":18,"column":33}},{"start":{"line":18,"column":37},"end":{"line":18,"column":56}}]}},"code":["/*"," Copyright (c) 2013, Rodrigo González, Sapienlab All Rights Reserved."," Available via MIT LICENSE, see https://github.com/roro89/jsonpack/blob/master/LICENSE.md for details."," */","var miniExcludes = {","\t\t\"jsonpack/README.md\": 1,","\t\t\"jsonpack/package\": 1","\t},","\tisTestRe = /\\/test\\//;","","var profile = {","\tresourceTags: {","\t\ttest: function(filename, mid) {","\t\t\treturn isTestRe.test(filename);","\t\t},","","\t\tminiExclude: function(filename, mid){","\t\t\treturn isTestRe.test(filename) || mid in miniExcludes;","\t\t},","","\t\tamd: function(filename, mid){","\t\t\treturn /\\.js$/.test(filename);","\t\t}","\t}","};"],"l":{"5":1,"11":1,"14":0,"18":0,"22":0}}}